New log file opened at Thu Sep 01 22:56:01 CEST 2016 by 524@DESKTOP-VQGB3GE
Sending msg to client play-fork-run-26e9942e-83f5-4ee5-86c9-8fc8b6d70d19: DetachedLogEvent(LogMessage(debug,sbt server socket logs are in: E:\Development\Projects\tuniboard\.sbtserver\connections\master.log))
Sending msg to client play-fork-run-26e9942e-83f5-4ee5-86c9-8fc8b6d70d19: DetachedLogEvent(LogMessage(debug,sbt client logs are in: E:\Development\Projects\tuniboard\.sbtserver\connections\play-fork-run-26e9942e-83f5-4ee5-86c9-8fc8b6d70d19.log))
Sending msg to client play-fork-run-26e9942e-83f5-4ee5-86c9-8fc8b6d70d19: DetachedLogEvent(LogMessage(debug,sbt general server logs are in: E:\Development\Projects\tuniboard\.sbtserver\master.log))
Reading next message from client.
Got request: DaemonRequest(true)
Reading next message from client.
Sending msg to client play-fork-run-26e9942e-83f5-4ee5-86c9-8fc8b6d70d19: (3,ReceivedResponse())
Got request: ListenToEvents()
Reading next message from client.
Sending msg to client play-fork-run-26e9942e-83f5-4ee5-86c9-8fc8b6d70d19: BackgroundJobStarted(15,BackgroundJobInfo(1,backgroundRun,AttributeKey[sbt.BackgroundJobHandle]("backgroundRun") in Scope(Build: file:/E:/Development/Projects/tuniboard/, , Project: ProjectReference(file:/E:/Development/Projects/tuniboard/,root), Config: compile)))
Sending msg to client play-fork-run-26e9942e-83f5-4ee5-86c9-8fc8b6d70d19: (4,ReceivedResponse())
Got request: KeyLookupRequest(root/playForkConfig)
Reading next message from client.
Sending msg to client play-fork-run-26e9942e-83f5-4ee5-86c9-8fc8b6d70d19: (5,KeyLookupResponse(root/playForkConfig,Vector(AttributeKey[play.forkrun.protocol.ForkConfig]("playForkConfig") in Scope(Build: file:/E:/Development/Projects/tuniboard/, , Project: ProjectReference(file:/E:/Development/Projects/tuniboard/,root)))))
Got request: ListenToValue(AttributeKey[play.forkrun.protocol.ForkConfig]("playForkConfig") in Scope(Build: file:/E:/Development/Projects/tuniboard/, , Project: ProjectReference(file:/E:/Development/Projects/tuniboard/,root)))
Reading next message from client.
Sending msg to client play-fork-run-26e9942e-83f5-4ee5-86c9-8fc8b6d70d19: (6,ReceivedResponse())
Got request: KeyExecutionRequest(AttributeKey[play.forkrun.protocol.ForkConfig]("playForkConfig") in Scope(Build: file:/E:/Development/Projects/tuniboard/, , Project: ProjectReference(file:/E:/Development/Projects/tuniboard/,root)))
Reading next message from client.
Sending msg to client play-fork-run-26e9942e-83f5-4ee5-86c9-8fc8b6d70d19: (7,ExecutionRequestReceived(16))
Sending msg to client play-fork-run-26e9942e-83f5-4ee5-86c9-8fc8b6d70d19: ExecutionWaiting(16,{file:/E:/Development/Projects/tuniboard/}root/*:playForkConfig,ClientInfo(26e9942e-83f5-4ee5-86c9-8fc8b6d70d19,play-fork-run,Play Fork Run,1,Vector()))
Sending msg to client play-fork-run-26e9942e-83f5-4ee5-86c9-8fc8b6d70d19: ExecutionStarting(16)
Sending msg to client play-fork-run-26e9942e-83f5-4ee5-86c9-8fc8b6d70d19: DetachedLogEvent(LogMessage(debug,> {file:/E:/Development/Projects/tuniboard/}root/*:playForkConfig))
Sending msg to client play-fork-run-26e9942e-83f5-4ee5-86c9-8fc8b6d70d19: DetachedLogEvent(LogMessage(debug,Evaluating tasks: *:playForkConfig))
Sending msg to client play-fork-run-26e9942e-83f5-4ee5-86c9-8fc8b6d70d19: DetachedLogEvent(LogMessage(debug,Running task... Cancel: sbt.server.ServerTaskCancellation@50d19b27, check cycles: false))
Sending msg to client play-fork-run-26e9942e-83f5-4ee5-86c9-8fc8b6d70d19: DetachedLogEvent(LogMessage(debug,cancel strategy start enabled=true lastCommand=Some(LastCommand(CommandExecutionWork(ExecutionId(16),{file:/E:/Development/Projects/tuniboard/}root/*:playForkConfig,Set(LiveClient(play-fork-run 26e9942e-83f5-4ee5-86c9-8fc8b6d70d19)),sbt.server.WorkCancellationStatus$$anon$1@4c6b86db)))))
Sending msg to client play-fork-run-26e9942e-83f5-4ee5-86c9-8fc8b6d70d19: TaskStarted(16,1494,None)
Sending msg to client play-fork-run-26e9942e-83f5-4ee5-86c9-8fc8b6d70d19: TaskStarted(16,1495,Some(AttributeKey[scala.collection.Seq[java.lang.String]]("javaOptions") in Scope(Global)))
Sending msg to client play-fork-run-26e9942e-83f5-4ee5-86c9-8fc8b6d70d19: TaskStarted(16,1502,None)
Sending msg to client play-fork-run-26e9942e-83f5-4ee5-86c9-8fc8b6d70d19: TaskStarted(16,1503,Some(AttributeKey[java.lang.String]("updateCacheName") in Scope(Build: file:/E:/Development/Projects/tuniboard/, , Project: ProjectReference(file:/E:/Development/Projects/tuniboard/,root))))
Sending msg to client play-fork-run-26e9942e-83f5-4ee5-86c9-8fc8b6d70d19: TaskStarted(16,1507,None)
Sending msg to client play-fork-run-26e9942e-83f5-4ee5-86c9-8fc8b6d70d19: TaskStarted(16,1514,Some(AttributeKey[scala.collection.Seq[sbt.Credentials]]("credentials") in Scope(Global)))
Sending msg to client play-fork-run-26e9942e-83f5-4ee5-86c9-8fc8b6d70d19: TaskStarted(16,1522,Some(AttributeKey[scala.collection.Seq[sbt.Resolver]]("externalResolvers") in Scope(Build: file:/E:/Development/Projects/tuniboard/, , Project: ProjectReference(file:/E:/Development/Projects/tuniboard/,root))))
Sending msg to client play-fork-run-26e9942e-83f5-4ee5-86c9-8fc8b6d70d19: TaskStarted(16,1523,Some(AttributeKey[scala.Option[scala.collection.Seq[sbt.Resolver]]]("bootResolvers") in Scope(Build: file:/E:/Development/Projects/tuniboard/, , Project: ProjectReference(file:/E:/Development/Projects/tuniboard/,root))))
Sending msg to client play-fork-run-26e9942e-83f5-4ee5-86c9-8fc8b6d70d19: TaskStarted(16,1525,Some(AttributeKey[boolean]("skip") in Scope(Global)))
Sending msg to client play-fork-run-26e9942e-83f5-4ee5-86c9-8fc8b6d70d19: TaskStarted(16,1526,None)
Sending msg to client play-fork-run-26e9942e-83f5-4ee5-86c9-8fc8b6d70d19: TaskStarted(16,1528,None)
Sending msg to client play-fork-run-26e9942e-83f5-4ee5-86c9-8fc8b6d70d19: TaskStarted(16,1529,None)
Sending msg to client play-fork-run-26e9942e-83f5-4ee5-86c9-8fc8b6d70d19: TaskStarted(16,1540,None)
Sending msg to client play-fork-run-26e9942e-83f5-4ee5-86c9-8fc8b6d70d19: TaskStarted(16,1544,Some(AttributeKey[scala.Tuple2[java.lang.String,java.io.File]]("playPrefixAndAssets") in Scope(Build: file:/E:/Development/Projects/tuniboard/, , Project: ProjectReference(file:/E:/Development/Projects/tuniboard/,root))))
Sending msg to client play-fork-run-26e9942e-83f5-4ee5-86c9-8fc8b6d70d19: TaskFinished(16,1494,None,true,None)
Sending msg to client play-fork-run-26e9942e-83f5-4ee5-86c9-8fc8b6d70d19: TaskStarted(16,1493,Some(AttributeKey[scala.collection.Seq[java.lang.String]]("playMonitoredFiles") in Scope(Build: file:/E:/Development/Projects/tuniboard/, , Project: ProjectReference(file:/E:/Development/Projects/tuniboard/,root))))
Sending msg to client play-fork-run-26e9942e-83f5-4ee5-86c9-8fc8b6d70d19: TaskStarted(16,1506,Some(AttributeKey[sbt.BuildStructure]("buildStructure") in Scope(Global)))
Sending msg to client play-fork-run-26e9942e-83f5-4ee5-86c9-8fc8b6d70d19: TaskStarted(16,1524,Some(AttributeKey[java.io.File]("dependencyCacheDirectory") in Scope(Build: file:/E:/Development/Projects/tuniboard/, , Project: ProjectReference(file:/E:/Development/Projects/tuniboard/,root))))
Sending msg to client play-fork-run-26e9942e-83f5-4ee5-86c9-8fc8b6d70d19: TaskFinished(16,1495,Some(AttributeKey[scala.collection.Seq[java.lang.String]]("javaOptions") in Scope(Global)),true,None)
Sending msg to client play-fork-run-26e9942e-83f5-4ee5-86c9-8fc8b6d70d19: TaskFinished(16,1502,None,true,None)
Sending msg to client play-fork-run-26e9942e-83f5-4ee5-86c9-8fc8b6d70d19: TaskStarted(16,1501,None)
Sending msg to client play-fork-run-26e9942e-83f5-4ee5-86c9-8fc8b6d70d19: TaskStarted(16,1508,None)
Sending msg to client play-fork-run-26e9942e-83f5-4ee5-86c9-8fc8b6d70d19: TaskStarted(16,1515,None)
Sending msg to client play-fork-run-26e9942e-83f5-4ee5-86c9-8fc8b6d70d19: TaskStarted(16,1517,None)
Sending msg to client play-fork-run-26e9942e-83f5-4ee5-86c9-8fc8b6d70d19: TaskStarted(16,1521,None)
Sending msg to client play-fork-run-26e9942e-83f5-4ee5-86c9-8fc8b6d70d19: TaskStarted(16,1533,None)
Sending msg to client play-fork-run-26e9942e-83f5-4ee5-86c9-8fc8b6d70d19: TaskStarted(16,1541,None)
Sending msg to client play-fork-run-26e9942e-83f5-4ee5-86c9-8fc8b6d70d19: TaskStarted(16,1542,None)
Sending msg to client play-fork-run-26e9942e-83f5-4ee5-86c9-8fc8b6d70d19: TaskFinished(16,1507,None,true,None)
Sending msg to client play-fork-run-26e9942e-83f5-4ee5-86c9-8fc8b6d70d19: TaskFinished(16,1514,Some(AttributeKey[scala.collection.Seq[sbt.Credentials]]("credentials") in Scope(Global)),true,None)
Sending msg to client play-fork-run-26e9942e-83f5-4ee5-86c9-8fc8b6d70d19: TaskFinished(16,1522,Some(AttributeKey[scala.collection.Seq[sbt.Resolver]]("externalResolvers") in Scope(Build: file:/E:/Development/Projects/tuniboard/, , Project: ProjectReference(file:/E:/Development/Projects/tuniboard/,root))),true,None)
Sending msg to client play-fork-run-26e9942e-83f5-4ee5-86c9-8fc8b6d70d19: TaskFinished(16,1503,Some(AttributeKey[java.lang.String]("updateCacheName") in Scope(Build: file:/E:/Development/Projects/tuniboard/, , Project: ProjectReference(file:/E:/Development/Projects/tuniboard/,root))),true,None)
Sending msg to client play-fork-run-26e9942e-83f5-4ee5-86c9-8fc8b6d70d19: TaskFinished(16,1523,Some(AttributeKey[scala.Option[scala.collection.Seq[sbt.Resolver]]]("bootResolvers") in Scope(Build: file:/E:/Development/Projects/tuniboard/, , Project: ProjectReference(file:/E:/Development/Projects/tuniboard/,root))),true,None)
Sending msg to client play-fork-run-26e9942e-83f5-4ee5-86c9-8fc8b6d70d19: TaskFinished(16,1525,Some(AttributeKey[boolean]("skip") in Scope(Global)),true,None)
Sending msg to client play-fork-run-26e9942e-83f5-4ee5-86c9-8fc8b6d70d19: TaskFinished(16,1526,None,true,None)
Sending msg to client play-fork-run-26e9942e-83f5-4ee5-86c9-8fc8b6d70d19: TaskFinished(16,1528,None,true,None)
Sending msg to client play-fork-run-26e9942e-83f5-4ee5-86c9-8fc8b6d70d19: TaskFinished(16,1501,None,true,None)
Sending msg to client play-fork-run-26e9942e-83f5-4ee5-86c9-8fc8b6d70d19: TaskStarted(16,1500,Some(AttributeKey[scala.collection.immutable.Map[sbt.ModuleID,sbt.SourcePosition]]("dependencyPositions") in Scope(Build: file:/E:/Development/Projects/tuniboard/, , Project: ProjectReference(file:/E:/Development/Projects/tuniboard/,root))))
Sending msg to client play-fork-run-26e9942e-83f5-4ee5-86c9-8fc8b6d70d19: TaskFinished(16,1506,Some(AttributeKey[sbt.BuildStructure]("buildStructure") in Scope(Global)),true,None)
Sending msg to client play-fork-run-26e9942e-83f5-4ee5-86c9-8fc8b6d70d19: TaskStarted(16,1505,Some(AttributeKey[sbt.Settings[sbt.Scope]]("settingsData") in Scope(Global)))
Sending msg to client play-fork-run-26e9942e-83f5-4ee5-86c9-8fc8b6d70d19: TaskFinished(16,1524,Some(AttributeKey[java.io.File]("dependencyCacheDirectory") in Scope(Build: file:/E:/Development/Projects/tuniboard/, , Project: ProjectReference(file:/E:/Development/Projects/tuniboard/,root))),true,None)
Sending msg to client play-fork-run-26e9942e-83f5-4ee5-86c9-8fc8b6d70d19: TaskFinished(16,1529,None,true,None)
Sending msg to client play-fork-run-26e9942e-83f5-4ee5-86c9-8fc8b6d70d19: TaskStarted(16,1527,Some(AttributeKey[scala.collection.Seq[sbt.UpdateReport]]("transitiveUpdate") in Scope(Build: file:/E:/Development/Projects/tuniboard/, , Project: ProjectReference(file:/E:/Development/Projects/tuniboard/,root))))
Sending msg to client play-fork-run-26e9942e-83f5-4ee5-86c9-8fc8b6d70d19: TaskFinished(16,1521,None,true,None)
Sending msg to client play-fork-run-26e9942e-83f5-4ee5-86c9-8fc8b6d70d19: TaskFinished(16,1517,None,true,None)
Sending msg to client play-fork-run-26e9942e-83f5-4ee5-86c9-8fc8b6d70d19: TaskFinished(16,1540,None,true,None)
Sending msg to client play-fork-run-26e9942e-83f5-4ee5-86c9-8fc8b6d70d19: TaskFinished(16,1541,None,true,None)
Sending msg to client play-fork-run-26e9942e-83f5-4ee5-86c9-8fc8b6d70d19: TaskFinished(16,1542,None,true,None)
Sending msg to client play-fork-run-26e9942e-83f5-4ee5-86c9-8fc8b6d70d19: TaskFinished(16,1493,Some(AttributeKey[scala.collection.Seq[java.lang.String]]("playMonitoredFiles") in Scope(Build: file:/E:/Development/Projects/tuniboard/, , Project: ProjectReference(file:/E:/Development/Projects/tuniboard/,root))),true,None)
Sending msg to client play-fork-run-26e9942e-83f5-4ee5-86c9-8fc8b6d70d19: TaskFinished(16,1515,None,true,None)
Sending msg to client play-fork-run-26e9942e-83f5-4ee5-86c9-8fc8b6d70d19: TaskFinished(16,1505,Some(AttributeKey[sbt.Settings[sbt.Scope]]("settingsData") in Scope(Global)),true,None)
Sending msg to client play-fork-run-26e9942e-83f5-4ee5-86c9-8fc8b6d70d19: TaskStarted(16,1504,None)
Sending msg to client play-fork-run-26e9942e-83f5-4ee5-86c9-8fc8b6d70d19: TaskStarted(16,1512,Some(AttributeKey[scala.collection.Seq[sbt.ModuleID]]("projectDependencies") in Scope(Build: file:/E:/Development/Projects/tuniboard/, , Project: ProjectReference(file:/E:/Development/Projects/tuniboard/,root))))
Sending msg to client play-fork-run-26e9942e-83f5-4ee5-86c9-8fc8b6d70d19: TaskStarted(16,1520,Some(AttributeKey[scala.collection.immutable.Map[org.apache.ivy.core.module.id.ModuleRevisionId,org.apache.ivy.core.module.descriptor.ModuleDescriptor]]("projectDescriptors") in Scope(Build: file:/E:/Development/Projects/tuniboard/, , Project: ProjectReference(file:/E:/Development/Projects/tuniboard/,root))))
Sending msg to client play-fork-run-26e9942e-83f5-4ee5-86c9-8fc8b6d70d19: TaskStarted(16,1534,None)
Sending msg to client play-fork-run-26e9942e-83f5-4ee5-86c9-8fc8b6d70d19: TaskFinished(16,1527,Some(AttributeKey[scala.collection.Seq[sbt.UpdateReport]]("transitiveUpdate") in Scope(Build: file:/E:/Development/Projects/tuniboard/, , Project: ProjectReference(file:/E:/Development/Projects/tuniboard/,root))),true,None)
Sending msg to client play-fork-run-26e9942e-83f5-4ee5-86c9-8fc8b6d70d19: TaskFinished(16,1533,None,true,None)
Sending msg to client play-fork-run-26e9942e-83f5-4ee5-86c9-8fc8b6d70d19: TaskFinished(16,1544,Some(AttributeKey[scala.Tuple2[java.lang.String,java.io.File]]("playPrefixAndAssets") in Scope(Build: file:/E:/Development/Projects/tuniboard/, , Project: ProjectReference(file:/E:/Development/Projects/tuniboard/,root))),true,None)
Sending msg to client play-fork-run-26e9942e-83f5-4ee5-86c9-8fc8b6d70d19: TaskStarted(16,1546,None)
Sending msg to client play-fork-run-26e9942e-83f5-4ee5-86c9-8fc8b6d70d19: TaskFinished(16,1508,None,true,None)
Sending msg to client play-fork-run-26e9942e-83f5-4ee5-86c9-8fc8b6d70d19: TaskStarted(16,1547,None)
Sending msg to client play-fork-run-26e9942e-83f5-4ee5-86c9-8fc8b6d70d19: TaskFinished(16,1512,Some(AttributeKey[scala.collection.Seq[sbt.ModuleID]]("projectDependencies") in Scope(Build: file:/E:/Development/Projects/tuniboard/, , Project: ProjectReference(file:/E:/Development/Projects/tuniboard/,root))),true,None)
Sending msg to client play-fork-run-26e9942e-83f5-4ee5-86c9-8fc8b6d70d19: TaskStarted(16,1511,Some(AttributeKey[scala.collection.Seq[sbt.ModuleID]]("allDependencies") in Scope(Build: file:/E:/Development/Projects/tuniboard/, , Project: ProjectReference(file:/E:/Development/Projects/tuniboard/,root))))
Sending msg to client play-fork-run-26e9942e-83f5-4ee5-86c9-8fc8b6d70d19: TaskStarted(16,1551,None)
Sending msg to client play-fork-run-26e9942e-83f5-4ee5-86c9-8fc8b6d70d19: TaskStarted(16,1552,None)
Sending msg to client play-fork-run-26e9942e-83f5-4ee5-86c9-8fc8b6d70d19: TaskStarted(16,1555,None)
Sending msg to client play-fork-run-26e9942e-83f5-4ee5-86c9-8fc8b6d70d19: TaskStarted(16,1556,None)
Sending msg to client play-fork-run-26e9942e-83f5-4ee5-86c9-8fc8b6d70d19: TaskStarted(16,1558,None)
Sending msg to client play-fork-run-26e9942e-83f5-4ee5-86c9-8fc8b6d70d19: TaskStarted(16,1560,None)
Sending msg to client play-fork-run-26e9942e-83f5-4ee5-86c9-8fc8b6d70d19: TaskFinished(16,1546,None,true,None)
Sending msg to client play-fork-run-26e9942e-83f5-4ee5-86c9-8fc8b6d70d19: TaskStarted(16,1545,None)
Sending msg to client play-fork-run-26e9942e-83f5-4ee5-86c9-8fc8b6d70d19: TaskFinished(16,1551,None,true,None)
Sending msg to client play-fork-run-26e9942e-83f5-4ee5-86c9-8fc8b6d70d19: TaskFinished(16,1511,Some(AttributeKey[scala.collection.Seq[sbt.ModuleID]]("allDependencies") in Scope(Build: file:/E:/Development/Projects/tuniboard/, , Project: ProjectReference(file:/E:/Development/Projects/tuniboard/,root))),true,None)
Sending msg to client play-fork-run-26e9942e-83f5-4ee5-86c9-8fc8b6d70d19: TaskStarted(16,1510,Some(AttributeKey[sbt.ModuleSettings]("moduleSettings") in Scope(Build: file:/E:/Development/Projects/tuniboard/, , Project: ProjectReference(file:/E:/Development/Projects/tuniboard/,root))))
Sending msg to client play-fork-run-26e9942e-83f5-4ee5-86c9-8fc8b6d70d19: TaskFinished(16,1545,None,true,None)
Sending msg to client play-fork-run-26e9942e-83f5-4ee5-86c9-8fc8b6d70d19: TaskStarted(16,1543,Some(AttributeKey[scala.collection.Seq[scala.Tuple2[java.lang.String,java.io.File]]]("playAllAssets") in Scope(Build: file:/E:/Development/Projects/tuniboard/, , Project: ProjectReference(file:/E:/Development/Projects/tuniboard/,root))))
Sending msg to client play-fork-run-26e9942e-83f5-4ee5-86c9-8fc8b6d70d19: TaskFinished(16,1552,None,true,None)
Sending msg to client play-fork-run-26e9942e-83f5-4ee5-86c9-8fc8b6d70d19: TaskStarted(16,1550,Some(AttributeKey[scala.collection.Seq[sbt.Attributed[java.io.File]]]("unmanagedJars") in Scope(Build: file:/E:/Development/Projects/tuniboard/, , Project: ProjectReference(file:/E:/Development/Projects/tuniboard/,root), Config: runtime)))
Sending msg to client play-fork-run-26e9942e-83f5-4ee5-86c9-8fc8b6d70d19: TaskFinished(16,1547,None,true,None)
Sending msg to client play-fork-run-26e9942e-83f5-4ee5-86c9-8fc8b6d70d19: TaskFinished(16,1504,None,true,None)
Sending msg to client play-fork-run-26e9942e-83f5-4ee5-86c9-8fc8b6d70d19: TaskFinished(16,1555,None,true,None)
Sending msg to client play-fork-run-26e9942e-83f5-4ee5-86c9-8fc8b6d70d19: TaskFinished(16,1556,None,true,None)
Sending msg to client play-fork-run-26e9942e-83f5-4ee5-86c9-8fc8b6d70d19: TaskStarted(16,1554,Some(AttributeKey[scala.collection.Seq[sbt.Attributed[java.io.File]]]("unmanagedJars") in Scope(Build: file:/E:/Development/Projects/tuniboard/, , Project: ProjectReference(file:/E:/Development/Projects/tuniboard/,root), Config: compile)))
Sending msg to client play-fork-run-26e9942e-83f5-4ee5-86c9-8fc8b6d70d19: TaskFinished(16,1558,None,true,None)
Sending msg to client play-fork-run-26e9942e-83f5-4ee5-86c9-8fc8b6d70d19: TaskStarted(16,1557,None)
Sending msg to client play-fork-run-26e9942e-83f5-4ee5-86c9-8fc8b6d70d19: TaskFinished(16,1560,None,true,None)
Sending msg to client play-fork-run-26e9942e-83f5-4ee5-86c9-8fc8b6d70d19: TaskStarted(16,1559,None)
Sending msg to client play-fork-run-26e9942e-83f5-4ee5-86c9-8fc8b6d70d19: TaskFinished(16,1500,Some(AttributeKey[scala.collection.immutable.Map[sbt.ModuleID,sbt.SourcePosition]]("dependencyPositions") in Scope(Build: file:/E:/Development/Projects/tuniboard/, , Project: ProjectReference(file:/E:/Development/Projects/tuniboard/,root))),true,None)
Sending msg to client play-fork-run-26e9942e-83f5-4ee5-86c9-8fc8b6d70d19: TaskStarted(16,1499,Some(AttributeKey[sbt.UnresolvedWarningConfiguration]("unresolvedWarningConfiguration") in Scope(Build: file:/E:/Development/Projects/tuniboard/, , Project: ProjectReference(file:/E:/Development/Projects/tuniboard/,root), Task: AttributeKey[sbt.UpdateReport]("update"))))
Sending msg to client play-fork-run-26e9942e-83f5-4ee5-86c9-8fc8b6d70d19: TaskFinished(16,1510,Some(AttributeKey[sbt.ModuleSettings]("moduleSettings") in Scope(Build: file:/E:/Development/Projects/tuniboard/, , Project: ProjectReference(file:/E:/Development/Projects/tuniboard/,root))),true,None)
Sending msg to client play-fork-run-26e9942e-83f5-4ee5-86c9-8fc8b6d70d19: TaskFinished(16,1499,Some(AttributeKey[sbt.UnresolvedWarningConfiguration]("unresolvedWarningConfiguration") in Scope(Build: file:/E:/Development/Projects/tuniboard/, , Project: ProjectReference(file:/E:/Development/Projects/tuniboard/,root), Task: AttributeKey[sbt.UpdateReport]("update"))),true,None)
Sending msg to client play-fork-run-26e9942e-83f5-4ee5-86c9-8fc8b6d70d19: TaskFinished(16,1543,Some(AttributeKey[scala.collection.Seq[scala.Tuple2[java.lang.String,java.io.File]]]("playAllAssets") in Scope(Build: file:/E:/Development/Projects/tuniboard/, , Project: ProjectReference(file:/E:/Development/Projects/tuniboard/,root))),true,None)
Sending msg to client play-fork-run-26e9942e-83f5-4ee5-86c9-8fc8b6d70d19: TaskFinished(16,1550,Some(AttributeKey[scala.collection.Seq[sbt.Attributed[java.io.File]]]("unmanagedJars") in Scope(Build: file:/E:/Development/Projects/tuniboard/, , Project: ProjectReference(file:/E:/Development/Projects/tuniboard/,root), Config: runtime)),true,None)
Sending msg to client play-fork-run-26e9942e-83f5-4ee5-86c9-8fc8b6d70d19: TaskFinished(16,1554,Some(AttributeKey[scala.collection.Seq[sbt.Attributed[java.io.File]]]("unmanagedJars") in Scope(Build: file:/E:/Development/Projects/tuniboard/, , Project: ProjectReference(file:/E:/Development/Projects/tuniboard/,root), Config: compile)),true,None)
Sending msg to client play-fork-run-26e9942e-83f5-4ee5-86c9-8fc8b6d70d19: TaskStarted(16,1561,None)
Sending msg to client play-fork-run-26e9942e-83f5-4ee5-86c9-8fc8b6d70d19: TaskFinished(16,1559,None,true,None)
Sending msg to client play-fork-run-26e9942e-83f5-4ee5-86c9-8fc8b6d70d19: TaskFinished(16,1520,Some(AttributeKey[scala.collection.immutable.Map[org.apache.ivy.core.module.id.ModuleRevisionId,org.apache.ivy.core.module.descriptor.ModuleDescriptor]]("projectDescriptors") in Scope(Build: file:/E:/Development/Projects/tuniboard/, , Project: ProjectReference(file:/E:/Development/Projects/tuniboard/,root))),true,None)
Sending msg to client play-fork-run-26e9942e-83f5-4ee5-86c9-8fc8b6d70d19: TaskStarted(16,1519,Some(AttributeKey[sbt.Resolver]("projectResolver") in Scope(Build: file:/E:/Development/Projects/tuniboard/, , Project: ProjectReference(file:/E:/Development/Projects/tuniboard/,root))))
Sending msg to client play-fork-run-26e9942e-83f5-4ee5-86c9-8fc8b6d70d19: TaskFinished(16,1561,None,true,None)
Sending msg to client play-fork-run-26e9942e-83f5-4ee5-86c9-8fc8b6d70d19: TaskFinished(16,1557,None,true,None)
Sending msg to client play-fork-run-26e9942e-83f5-4ee5-86c9-8fc8b6d70d19: TaskStarted(16,1553,Some(AttributeKey[scala.collection.Seq[sbt.Attributed[java.io.File]]]("unmanagedJars") in Scope(Build: file:/E:/Development/Projects/tuniboard/, , Project: ProjectReference(file:/E:/Development/Projects/tuniboard/,root), Config: compile)))
Sending msg to client play-fork-run-26e9942e-83f5-4ee5-86c9-8fc8b6d70d19: TaskFinished(16,1519,Some(AttributeKey[sbt.Resolver]("projectResolver") in Scope(Build: file:/E:/Development/Projects/tuniboard/, , Project: ProjectReference(file:/E:/Development/Projects/tuniboard/,root))),true,None)
Sending msg to client play-fork-run-26e9942e-83f5-4ee5-86c9-8fc8b6d70d19: TaskStarted(16,1518,Some(AttributeKey[scala.collection.Seq[sbt.Resolver]]("fullResolvers") in Scope(Build: file:/E:/Development/Projects/tuniboard/, , Project: ProjectReference(file:/E:/Development/Projects/tuniboard/,root))))
Sending msg to client play-fork-run-26e9942e-83f5-4ee5-86c9-8fc8b6d70d19: TaskFinished(16,1553,Some(AttributeKey[scala.collection.Seq[sbt.Attributed[java.io.File]]]("unmanagedJars") in Scope(Build: file:/E:/Development/Projects/tuniboard/, , Project: ProjectReference(file:/E:/Development/Projects/tuniboard/,root), Config: compile)),true,None)
Sending msg to client play-fork-run-26e9942e-83f5-4ee5-86c9-8fc8b6d70d19: TaskStarted(16,1549,None)
Sending msg to client play-fork-run-26e9942e-83f5-4ee5-86c9-8fc8b6d70d19: TaskFinished(16,1518,Some(AttributeKey[scala.collection.Seq[sbt.Resolver]]("fullResolvers") in Scope(Build: file:/E:/Development/Projects/tuniboard/, , Project: ProjectReference(file:/E:/Development/Projects/tuniboard/,root))),true,None)
Sending msg to client play-fork-run-26e9942e-83f5-4ee5-86c9-8fc8b6d70d19: TaskStarted(16,1516,Some(AttributeKey[sbt.IvyConfiguration]("ivyConfiguration") in Scope(Build: file:/E:/Development/Projects/tuniboard/, , Project: ProjectReference(file:/E:/Development/Projects/tuniboard/,root))))
Sending msg to client play-fork-run-26e9942e-83f5-4ee5-86c9-8fc8b6d70d19: TaskFinished(16,1549,None,true,None)
Sending msg to client play-fork-run-26e9942e-83f5-4ee5-86c9-8fc8b6d70d19: TaskStarted(16,1548,None)
Sending msg to client play-fork-run-26e9942e-83f5-4ee5-86c9-8fc8b6d70d19: TaskFinished(16,1516,Some(AttributeKey[sbt.IvyConfiguration]("ivyConfiguration") in Scope(Build: file:/E:/Development/Projects/tuniboard/, , Project: ProjectReference(file:/E:/Development/Projects/tuniboard/,root))),true,None)
Sending msg to client play-fork-run-26e9942e-83f5-4ee5-86c9-8fc8b6d70d19: TaskStarted(16,1513,Some(AttributeKey[sbt.IvySbt]("ivySbt") in Scope(Build: file:/E:/Development/Projects/tuniboard/, , Project: ProjectReference(file:/E:/Development/Projects/tuniboard/,root))))
Sending msg to client play-fork-run-26e9942e-83f5-4ee5-86c9-8fc8b6d70d19: TaskFinished(16,1548,None,true,None)
Sending msg to client play-fork-run-26e9942e-83f5-4ee5-86c9-8fc8b6d70d19: TaskFinished(16,1534,None,true,None)
Sending msg to client play-fork-run-26e9942e-83f5-4ee5-86c9-8fc8b6d70d19: TaskStarted(16,1532,Some(AttributeKey[scala.collection.Seq[sbt.Attributed[java.io.File]]]("unmanagedClasspath") in Scope(Build: file:/E:/Development/Projects/tuniboard/, , Project: ProjectReference(file:/E:/Development/Projects/tuniboard/,root), Config: runtime)))
Sending msg to client play-fork-run-26e9942e-83f5-4ee5-86c9-8fc8b6d70d19: TaskFinished(16,1513,Some(AttributeKey[sbt.IvySbt]("ivySbt") in Scope(Build: file:/E:/Development/Projects/tuniboard/, , Project: ProjectReference(file:/E:/Development/Projects/tuniboard/,root))),true,None)
Sending msg to client play-fork-run-26e9942e-83f5-4ee5-86c9-8fc8b6d70d19: TaskStarted(16,1509,Some(AttributeKey[sbt.IvySbt$Module]("ivyModule") in Scope(Build: file:/E:/Development/Projects/tuniboard/, , Project: ProjectReference(file:/E:/Development/Projects/tuniboard/,root))))
Sending msg to client play-fork-run-26e9942e-83f5-4ee5-86c9-8fc8b6d70d19: TaskFinished(16,1532,Some(AttributeKey[scala.collection.Seq[sbt.Attributed[java.io.File]]]("unmanagedClasspath") in Scope(Build: file:/E:/Development/Projects/tuniboard/, , Project: ProjectReference(file:/E:/Development/Projects/tuniboard/,root), Config: runtime)),true,None)
Sending msg to client play-fork-run-26e9942e-83f5-4ee5-86c9-8fc8b6d70d19: TaskFinished(16,1509,Some(AttributeKey[sbt.IvySbt$Module]("ivyModule") in Scope(Build: file:/E:/Development/Projects/tuniboard/, , Project: ProjectReference(file:/E:/Development/Projects/tuniboard/,root))),true,None)
Sending msg to client play-fork-run-26e9942e-83f5-4ee5-86c9-8fc8b6d70d19: TaskStarted(16,1498,Some(AttributeKey[sbt.UpdateReport]("update") in Scope(Build: file:/E:/Development/Projects/tuniboard/, , Project: ProjectReference(file:/E:/Development/Projects/tuniboard/,root))))
Sending msg to client play-fork-run-26e9942e-83f5-4ee5-86c9-8fc8b6d70d19: TaskFinished(16,1498,Some(AttributeKey[sbt.UpdateReport]("update") in Scope(Build: file:/E:/Development/Projects/tuniboard/, , Project: ProjectReference(file:/E:/Development/Projects/tuniboard/,root))),true,None)
Sending msg to client play-fork-run-26e9942e-83f5-4ee5-86c9-8fc8b6d70d19: TaskStarted(16,1497,Some(AttributeKey[sbt.UpdateReport]("update") in Scope(Build: file:/E:/Development/Projects/tuniboard/, , Project: ProjectReference(file:/E:/Development/Projects/tuniboard/,root))))
Sending msg to client play-fork-run-26e9942e-83f5-4ee5-86c9-8fc8b6d70d19: TaskFinished(16,1497,Some(AttributeKey[sbt.UpdateReport]("update") in Scope(Build: file:/E:/Development/Projects/tuniboard/, , Project: ProjectReference(file:/E:/Development/Projects/tuniboard/,root))),true,None)
Sending msg to client play-fork-run-26e9942e-83f5-4ee5-86c9-8fc8b6d70d19: TaskStarted(16,1496,Some(AttributeKey[scala.collection.Seq[sbt.Attributed[java.io.File]]]("managedClasspath") in Scope(Build: file:/E:/Development/Projects/tuniboard/, , Project: ProjectReference(file:/E:/Development/Projects/tuniboard/,root), Config: docs)))
Sending msg to client play-fork-run-26e9942e-83f5-4ee5-86c9-8fc8b6d70d19: TaskStarted(16,1539,Some(AttributeKey[sbt.Configuration]("classpathConfiguration") in Scope(Build: file:/E:/Development/Projects/tuniboard/, , Project: ProjectReference(file:/E:/Development/Projects/tuniboard/,root), Config: compile)))
Sending msg to client play-fork-run-26e9942e-83f5-4ee5-86c9-8fc8b6d70d19: TaskFinished(16,1496,Some(AttributeKey[scala.collection.Seq[sbt.Attributed[java.io.File]]]("managedClasspath") in Scope(Build: file:/E:/Development/Projects/tuniboard/, , Project: ProjectReference(file:/E:/Development/Projects/tuniboard/,root), Config: docs)),true,None)
Sending msg to client play-fork-run-26e9942e-83f5-4ee5-86c9-8fc8b6d70d19: TaskFinished(16,1539,Some(AttributeKey[sbt.Configuration]("classpathConfiguration") in Scope(Build: file:/E:/Development/Projects/tuniboard/, , Project: ProjectReference(file:/E:/Development/Projects/tuniboard/,root), Config: compile)),true,None)
Sending msg to client play-fork-run-26e9942e-83f5-4ee5-86c9-8fc8b6d70d19: TaskStarted(16,1538,None)
Sending msg to client play-fork-run-26e9942e-83f5-4ee5-86c9-8fc8b6d70d19: TaskFinished(16,1538,None,true,None)
Sending msg to client play-fork-run-26e9942e-83f5-4ee5-86c9-8fc8b6d70d19: TaskStarted(16,1537,Some(AttributeKey[sbt.Configuration]("classpathConfiguration") in Scope(Build: file:/E:/Development/Projects/tuniboard/, , Project: ProjectReference(file:/E:/Development/Projects/tuniboard/,root), Config: runtime)))
Sending msg to client play-fork-run-26e9942e-83f5-4ee5-86c9-8fc8b6d70d19: TaskFinished(16,1537,Some(AttributeKey[sbt.Configuration]("classpathConfiguration") in Scope(Build: file:/E:/Development/Projects/tuniboard/, , Project: ProjectReference(file:/E:/Development/Projects/tuniboard/,root), Config: runtime)),true,None)
Sending msg to client play-fork-run-26e9942e-83f5-4ee5-86c9-8fc8b6d70d19: TaskStarted(16,1536,None)
Sending msg to client play-fork-run-26e9942e-83f5-4ee5-86c9-8fc8b6d70d19: TaskFinished(16,1536,None,true,None)
Sending msg to client play-fork-run-26e9942e-83f5-4ee5-86c9-8fc8b6d70d19: TaskStarted(16,1535,Some(AttributeKey[scala.collection.Seq[sbt.Attributed[java.io.File]]]("managedClasspath") in Scope(Build: file:/E:/Development/Projects/tuniboard/, , Project: ProjectReference(file:/E:/Development/Projects/tuniboard/,root), Config: runtime)))
Sending msg to client play-fork-run-26e9942e-83f5-4ee5-86c9-8fc8b6d70d19: TaskFinished(16,1535,Some(AttributeKey[scala.collection.Seq[sbt.Attributed[java.io.File]]]("managedClasspath") in Scope(Build: file:/E:/Development/Projects/tuniboard/, , Project: ProjectReference(file:/E:/Development/Projects/tuniboard/,root), Config: runtime)),true,None)
Sending msg to client play-fork-run-26e9942e-83f5-4ee5-86c9-8fc8b6d70d19: TaskStarted(16,1531,None)
Sending msg to client play-fork-run-26e9942e-83f5-4ee5-86c9-8fc8b6d70d19: TaskFinished(16,1531,None,true,None)
Sending msg to client play-fork-run-26e9942e-83f5-4ee5-86c9-8fc8b6d70d19: TaskStarted(16,1530,Some(AttributeKey[scala.collection.Seq[sbt.Attributed[java.io.File]]]("playDependencyClasspath") in Scope(Build: file:/E:/Development/Projects/tuniboard/, , Project: ProjectReference(file:/E:/Development/Projects/tuniboard/,root))))
Sending msg to client play-fork-run-26e9942e-83f5-4ee5-86c9-8fc8b6d70d19: TaskFinished(16,1530,Some(AttributeKey[scala.collection.Seq[sbt.Attributed[java.io.File]]]("playDependencyClasspath") in Scope(Build: file:/E:/Development/Projects/tuniboard/, , Project: ProjectReference(file:/E:/Development/Projects/tuniboard/,root))),true,None)
Sending msg to client play-fork-run-26e9942e-83f5-4ee5-86c9-8fc8b6d70d19: TaskStarted(16,1492,Some(AttributeKey[play.forkrun.protocol.ForkConfig]("playForkConfig") in Scope(Build: file:/E:/Development/Projects/tuniboard/, , Project: ProjectReference(file:/E:/Development/Projects/tuniboard/,root))))
Sending msg to client play-fork-run-26e9942e-83f5-4ee5-86c9-8fc8b6d70d19: TaskFinished(16,1492,Some(AttributeKey[play.forkrun.protocol.ForkConfig]("playForkConfig") in Scope(Build: file:/E:/Development/Projects/tuniboard/, , Project: ProjectReference(file:/E:/Development/Projects/tuniboard/,root))),true,None)
Sending msg to client play-fork-run-26e9942e-83f5-4ee5-86c9-8fc8b6d70d19: ValueChanged(AttributeKey[play.forkrun.protocol.ForkConfig]("playForkConfig") in Scope(Build: file:/E:/Development/Projects/tuniboard/, , Project: ProjectReference(file:/E:/Development/Projects/tuniboard/,root)),TaskSuccess(BuildValue(LazyValue(ForkConfig(E:\Development\Projects\tuniboard,List(),List(C:\Users\Dane\.ivy2\cache\org.scala-lang\scala-library\jars\scala-library-2.11.7.jar, C:\Users\Dane\.ivy2\cache\com.typesafe.play\twirl-api_2.11\jars\twirl-api_2.11-1.0.2.jar, C:\Users\Dane\.ivy2\cache\org.apache.commons\commons-lang3\jars\commons-lang3-3.1.jar, C:\Users\Dane\.ivy2\cache\org.scala-lang.modules\scala-xml_2.11\bundles\scala-xml_2.11-1.0.1.jar, C:\Users\Dane\.ivy2\cache\com.typesafe.play\play_2.11\jars\play_2.11-2.3.10.jar, C:\Users\Dane\.ivy2\cache\com.typesafe.play\build-link\jars\build-link-2.3.10.jar, C:\Users\Dane\.ivy2\cache\com.typesafe.play\play-exceptions\jars\play-exceptions-2.3.10.jar, C:\Users\Dane\.ivy2\cache\org.javassist\javassist\bundles\javassist-3.18.2-GA.jar, C:\Users\Dane\.ivy2\cache\com.typesafe.play\play-iteratees_2.11\jars\play-iteratees_2.11-2.3.10.jar, C:\Users\Dane\.ivy2\cache\org.scala-stm\scala-stm_2.11\jars\scala-stm_2.11-0.7.jar, C:\Users\Dane\.ivy2\cache\com.typesafe\config\bundles\config-1.2.1.jar, C:\Users\Dane\.ivy2\cache\com.typesafe.play\play-json_2.11\jars\play-json_2.11-2.3.10.jar, C:\Users\Dane\.ivy2\cache\com.typesafe.play\play-functional_2.11\jars\play-functional_2.11-2.3.10.jar, C:\Users\Dane\.ivy2\cache\com.typesafe.play\play-datacommons_2.11\jars\play-datacommons_2.11-2.3.10.jar, C:\Users\Dane\.ivy2\cache\joda-time\joda-time\jars\joda-time-2.8.2.jar, C:\Users\Dane\.ivy2\cache\org.joda\joda-convert\jars\joda-convert-1.6.jar, C:\Users\Dane\.ivy2\cache\com.fasterxml.jackson.core\jackson-annotations\bundles\jackson-annotations-2.3.2.jar, C:\Users\Dane\.ivy2\cache\com.fasterxml.jackson.core\jackson-core\bundles\jackson-core-2.3.2.jar, C:\Users\Dane\.ivy2\cache\com.fasterxml.jackson.core\jackson-databind\bundles\jackson-databind-2.3.2.jar, C:\Users\Dane\.ivy2\cache\org.scala-lang\scala-reflect\jars\scala-reflect-2.11.1.jar, C:\Users\Dane\.ivy2\cache\org.scala-lang.modules\scala-parser-combinators_2.11\bundles\scala-parser-combinators_2.11-1.0.1.jar, C:\Users\Dane\.ivy2\cache\io.netty\netty\bundles\netty-3.9.9.Final.jar, C:\Users\Dane\.ivy2\cache\com.typesafe.netty\netty-http-pipelining\jars\netty-http-pipelining-1.1.2.jar, C:\Users\Dane\.ivy2\cache\org.slf4j\slf4j-api\jars\slf4j-api-1.7.6.jar, C:\Users\Dane\.ivy2\cache\org.slf4j\jul-to-slf4j\jars\jul-to-slf4j-1.7.6.jar, C:\Users\Dane\.ivy2\cache\org.slf4j\jcl-over-slf4j\jars\jcl-over-slf4j-1.7.6.jar, C:\Users\Dane\.ivy2\cache\ch.qos.logback\logback-core\jars\logback-core-1.1.1.jar, C:\Users\Dane\.ivy2\cache\ch.qos.logback\logback-classic\jars\logback-classic-1.1.1.jar, C:\Users\Dane\.ivy2\cache\com.typesafe.akka\akka-actor_2.11\jars\akka-actor_2.11-2.3.4.jar, C:\Users\Dane\.ivy2\cache\com.typesafe.akka\akka-slf4j_2.11\jars\akka-slf4j_2.11-2.3.4.jar, C:\Users\Dane\.ivy2\cache\commons-codec\commons-codec\jars\commons-codec-1.9.jar, C:\Users\Dane\.ivy2\cache\xerces\xercesImpl\jars\xercesImpl-2.11.0.jar, C:\Users\Dane\.ivy2\cache\xml-apis\xml-apis\jars\xml-apis-1.4.01.jar, C:\Users\Dane\.ivy2\cache\javax.transaction\jta\jars\jta-1.1.jar, C:\Users\Dane\.ivy2\cache\com.typesafe.play\filters-helpers_2.11\jars\filters-helpers_2.11-2.3.10.jar, C:\Users\Dane\.ivy2\cache\com.typesafe.play\play-ws_2.11\jars\play-ws_2.11-2.3.10.jar, C:\Users\Dane\.ivy2\cache\com.google.guava\guava\bundles\guava-16.0.1.jar, C:\Users\Dane\.ivy2\cache\com.ning\async-http-client\jars\async-http-client-1.8.15.jar, C:\Users\Dane\.ivy2\cache\oauth.signpost\signpost-core\jars\signpost-core-1.2.1.2.jar, C:\Users\Dane\.ivy2\cache\oauth.signpost\signpost-commonshttp4\jars\signpost-commonshttp4-1.2.1.2.jar, C:\Users\Dane\.ivy2\cache\org.apache.httpcomponents\httpcore\jars\httpcore-4.0.1.jar, C:\Users\Dane\.ivy2\cache\org.apache.httpcomponents\httpclient\jars\httpclient-4.0.1.jar, C:\Users\Dane\.ivy2\cache\commons-logging\commons-logging\jars\commons-logging-1.1.1.jar, C:\Users\Dane\.ivy2\cache\com.typesafe.play\play-cache_2.11\jars\play-cache_2.11-2.3.10.jar, C:\Users\Dane\.ivy2\cache\net.sf.ehcache\ehcache-core\jars\ehcache-core-2.6.8.jar, C:\Users\Dane\.ivy2\cache\org.webjars\requirejs\jars\requirejs-2.1.20.jar, C:\Users\Dane\.ivy2\cache\org.webjars\underscorejs\jars\underscorejs-1.8.3.jar, C:\Users\Dane\.ivy2\cache\org.webjars\jquery\jars\jquery-3.0.0.jar, C:\Users\Dane\.ivy2\cache\org.webjars\bootstrap\jars\bootstrap-3.3.7.jar, C:\Users\Dane\.ivy2\cache\org.webjars\angularjs\jars\angularjs-1.4.7.jar, C:\Users\Dane\.ivy2\cache\org.webjars\angular-ui-bootstrap\jars\angular-ui-bootstrap-0.14.0.jar, C:\Users\Dane\.ivy2\cache\org.webjars\ng-table\jars\ng-table-0.3.3.jar, C:\Users\Dane\.ivy2\cache\org.scala-lang.modules\scala-async_2.11\bundles\scala-async_2.11-0.9.5.jar, C:\Users\Dane\.ivy2\cache\com.typesafe.play\play-slick_2.11\jars\play-slick_2.11-0.8.1.jar, C:\Users\Dane\.ivy2\cache\com.typesafe.play\play-jdbc_2.11\jars\play-jdbc_2.11-2.3.4.jar, C:\Users\Dane\.ivy2\cache\com.jolbox\bonecp\bundles\bonecp-0.8.0.RELEASE.jar, C:\Users\Dane\.ivy2\cache\com.h2database\h2\jars\h2-1.3.175.jar, C:\Users\Dane\.ivy2\cache\tyrex\tyrex\jars\tyrex-1.0.1.jar, C:\Users\Dane\.ivy2\cache\com.typesafe.slick\slick_2.11\bundles\slick_2.11-2.1.0.jar, C:\Users\Dane\.ivy2\cache\javax.servlet\javax.servlet-api\jars\javax.servlet-api-3.0.1.jar, C:\Users\Dane\.ivy2\cache\com.google.code.findbugs\jsr305\jars\jsr305-2.0.1.jar, C:\Users\Dane\.ivy2\cache\org.reflections\reflections\jars\reflections-0.9.8.jar, C:\Users\Dane\.ivy2\cache\dom4j\dom4j\jars\dom4j-1.6.1.jar, C:\Users\Dane\.ivy2\cache\mysql\mysql-connector-java\jars\mysql-connector-java-5.1.37.jar),List((public/,E:\Development\Projects\tuniboard\target\web\public\main)),List(C:\Users\Dane\.ivy2\cache\com.typesafe.play\play-docs_2.11\jars\play-docs_2.11-2.3.10.jar, C:\Users\Dane\.ivy2\cache\org.scala-lang\scala-library\jars\scala-library-2.11.1.jar, C:\Users\Dane\.ivy2\cache\com.typesafe.play\play_2.11\jars\play_2.11-2.3.10.jar, C:\Users\Dane\.ivy2\cache\com.typesafe.play\build-link\jars\build-link-2.3.10.jar, C:\Users\Dane\.ivy2\cache\com.typesafe.play\play-exceptions\jars\play-exceptions-2.3.10.jar, C:\Users\Dane\.ivy2\cache\org.javassist\javassist\bundles\javassist-3.18.2-GA.jar, C:\Users\Dane\.ivy2\cache\com.typesafe.play\play-iteratees_2.11\jars\play-iteratees_2.11-2.3.10.jar, C:\Users\Dane\.ivy2\cache\org.scala-stm\scala-stm_2.11\jars\scala-stm_2.11-0.7.jar, C:\Users\Dane\.ivy2\cache\com.typesafe\config\bundles\config-1.2.1.jar, C:\Users\Dane\.ivy2\cache\com.typesafe.play\play-json_2.11\jars\play-json_2.11-2.3.10.jar, C:\Users\Dane\.ivy2\cache\com.typesafe.play\play-functional_2.11\jars\play-functional_2.11-2.3.10.jar, C:\Users\Dane\.ivy2\cache\com.typesafe.play\play-datacommons_2.11\jars\play-datacommons_2.11-2.3.10.jar, C:\Users\Dane\.ivy2\cache\joda-time\joda-time\jars\joda-time-2.3.jar, C:\Users\Dane\.ivy2\cache\org.joda\joda-convert\jars\joda-convert-1.6.jar, C:\Users\Dane\.ivy2\cache\com.fasterxml.jackson.core\jackson-annotations\bundles\jackson-annotations-2.3.2.jar, C:\Users\Dane\.ivy2\cache\com.fasterxml.jackson.core\jackson-core\bundles\jackson-core-2.3.2.jar, C:\Users\Dane\.ivy2\cache\com.fasterxml.jackson.core\jackson-databind\bundles\jackson-databind-2.3.2.jar, C:\Users\Dane\.ivy2\cache\org.scala-lang\scala-reflect\jars\scala-reflect-2.11.1.jar, C:\Users\Dane\.ivy2\cache\com.typesafe.play\twirl-api_2.11\jars\twirl-api_2.11-1.0.2.jar, C:\Users\Dane\.ivy2\cache\org.apache.commons\commons-lang3\jars\commons-lang3-3.1.jar, C:\Users\Dane\.ivy2\cache\org.scala-lang.modules\scala-xml_2.11\bundles\scala-xml_2.11-1.0.1.jar, C:\Users\Dane\.ivy2\cache\org.scala-lang.modules\scala-parser-combinators_2.11\bundles\scala-parser-combinators_2.11-1.0.1.jar, C:\Users\Dane\.ivy2\cache\io.netty\netty\bundles\netty-3.9.9.Final.jar, C:\Users\Dane\.ivy2\cache\com.typesafe.netty\netty-http-pipelining\jars\netty-http-pipelining-1.1.2.jar, C:\Users\Dane\.ivy2\cache\org.slf4j\slf4j-api\jars\slf4j-api-1.7.6.jar, C:\Users\Dane\.ivy2\cache\org.slf4j\jul-to-slf4j\jars\jul-to-slf4j-1.7.6.jar, C:\Users\Dane\.ivy2\cache\org.slf4j\jcl-over-slf4j\jars\jcl-over-slf4j-1.7.6.jar, C:\Users\Dane\.ivy2\cache\ch.qos.logback\logback-core\jars\logback-core-1.1.1.jar, C:\Users\Dane\.ivy2\cache\ch.qos.logback\logback-classic\jars\logback-classic-1.1.1.jar, C:\Users\Dane\.ivy2\cache\com.typesafe.akka\akka-actor_2.11\jars\akka-actor_2.11-2.3.4.jar, C:\Users\Dane\.ivy2\cache\com.typesafe.akka\akka-slf4j_2.11\jars\akka-slf4j_2.11-2.3.4.jar, C:\Users\Dane\.ivy2\cache\commons-codec\commons-codec\jars\commons-codec-1.9.jar, C:\Users\Dane\.ivy2\cache\xerces\xercesImpl\jars\xercesImpl-2.11.0.jar, C:\Users\Dane\.ivy2\cache\xml-apis\xml-apis\jars\xml-apis-1.4.01.jar, C:\Users\Dane\.ivy2\cache\javax.transaction\jta\jars\jta-1.1.jar, C:\Users\Dane\.ivy2\cache\com.typesafe.play\play-doc_2.11\jars\play-doc_2.11-1.1.0.jar, C:\Users\Dane\.ivy2\cache\org.pegdown\pegdown\jars\pegdown-1.4.0.jar, C:\Users\Dane\.ivy2\cache\org.parboiled\parboiled-java\bundles\parboiled-java-1.1.5.jar, C:\Users\Dane\.ivy2\cache\org.parboiled\parboiled-core\bundles\parboiled-core-1.1.5.jar, C:\Users\Dane\.ivy2\cache\org.ow2.asm\asm\jars\asm-4.1.jar, C:\Users\Dane\.ivy2\cache\org.ow2.asm\asm-tree\jars\asm-tree-4.1.jar, C:\Users\Dane\.ivy2\cache\org.ow2.asm\asm-analysis\jars\asm-analysis-4.1.jar, C:\Users\Dane\.ivy2\cache\org.ow2.asm\asm-util\jars\asm-util-4.1.jar, C:\Users\Dane\.ivy2\cache\commons-io\commons-io\jars\commons-io-2.4.jar),List(),9000,DefaultWatchService,List(E:\Development\Projects\tuniboard\app-2.11, E:\Development\Projects\tuniboard\app, E:\Development\Projects\tuniboard\conf, E:\Development\Projects\tuniboard\app\assets, E:\Development\Projects\tuniboard\public),E:\Development\Projects\tuniboard\target,500,root/playForkNotifyStart,root/playForkReload,300000),scala.pickling.PicklerUnpickler$DelegatingPicklerUnpickler@63aeec24),ForkConfig(E:\Development\Projects\tuniboard,List(),List(C:\Users\Dane\.ivy2\cache\org.scala-lang\scala-library\jars\scala-library-2.11.7.jar, C:\Users\Dane\.ivy2\cache\com.typesafe.play\twirl-api_2.11\jars\twirl-api_2.11-1.0.2.jar, C:\Users\Dane\.ivy2\cache\org.apache.commons\commons-lang3\jars\commons-lang3-3.1.jar, C:\Users\Dane\.ivy2\cache\org.scala-lang.modules\scala-xml_2.11\bundles\scala-xml_2.11-1.0.1.jar, C:\Users\Dane\.ivy2\cache\com.typesafe.play\play_2.11\jars\play_2.11-2.3.10.jar, C:\Users\Dane\.ivy2\cache\com.typesafe.play\build-link\jars\build-link-2.3.10.jar, C:\Users\Dane\.ivy2\cache\com.typesafe.play\play-exceptions\jars\play-exceptions-2.3.10.jar, C:\Users\Dane\.ivy2\cache\org.javassist\javassist\bundles\javassist-3.18.2-GA.jar, C:\Users\Dane\.ivy2\cache\com.typesafe.play\play-iteratees_2.11\jars\play-iteratees_2.11-2.3.10.jar, C:\Users\Dane\.ivy2\cache\org.scala-stm\scala-stm_2.11\jars\scala-stm_2.11-0.7.jar, C:\Users\Dane\.ivy2\cache\com.typesafe\config\bundles\config-1.2.1.jar, C:\Users\Dane\.ivy2\cache\com.typesafe.play\play-json_2.11\jars\play-json_2.11-2.3.10.jar, C:\Users\Dane\.ivy2\cache\com.typesafe.play\play-functional_2.11\jars\play-functional_2.11-2.3.10.jar, C:\Users\Dane\.ivy2\cache\com.typesafe.play\play-datacommons_2.11\jars\play-datacommons_2.11-2.3.10.jar, C:\Users\Dane\.ivy2\cache\joda-time\joda-time\jars\joda-time-2.8.2.jar, C:\Users\Dane\.ivy2\cache\org.joda\joda-convert\jars\joda-convert-1.6.jar, C:\Users\Dane\.ivy2\cache\com.fasterxml.jackson.core\jackson-annotations\bundles\jackson-annotations-2.3.2.jar, C:\Users\Dane\.ivy2\cache\com.fasterxml.jackson.core\jackson-core\bundles\jackson-core-2.3.2.jar, C:\Users\Dane\.ivy2\cache\com.fasterxml.jackson.core\jackson-databind\bundles\jackson-databind-2.3.2.jar, C:\Users\Dane\.ivy2\cache\org.scala-lang\scala-reflect\jars\scala-reflect-2.11.1.jar, C:\Users\Dane\.ivy2\cache\org.scala-lang.modules\scala-parser-combinators_2.11\bundles\scala-parser-combinators_2.11-1.0.1.jar, C:\Users\Dane\.ivy2\cache\io.netty\netty\bundles\netty-3.9.9.Final.jar, C:\Users\Dane\.ivy2\cache\com.typesafe.netty\netty-http-pipelining\jars\netty-http-pipelining-1.1.2.jar, C:\Users\Dane\.ivy2\cache\org.slf4j\slf4j-api\jars\slf4j-api-1.7.6.jar, C:\Users\Dane\.ivy2\cache\org.slf4j\jul-to-slf4j\jars\jul-to-slf4j-1.7.6.jar, C:\Users\Dane\.ivy2\cache\org.slf4j\jcl-over-slf4j\jars\jcl-over-slf4j-1.7.6.jar, C:\Users\Dane\.ivy2\cache\ch.qos.logback\logback-core\jars\logback-core-1.1.1.jar, C:\Users\Dane\.ivy2\cache\ch.qos.logback\logback-classic\jars\logback-classic-1.1.1.jar, C:\Users\Dane\.ivy2\cache\com.typesafe.akka\akka-actor_2.11\jars\akka-actor_2.11-2.3.4.jar, C:\Users\Dane\.ivy2\cache\com.typesafe.akka\akka-slf4j_2.11\jars\akka-slf4j_2.11-2.3.4.jar, C:\Users\Dane\.ivy2\cache\commons-codec\commons-codec\jars\commons-codec-1.9.jar, C:\Users\Dane\.ivy2\cache\xerces\xercesImpl\jars\xercesImpl-2.11.0.jar, C:\Users\Dane\.ivy2\cache\xml-apis\xml-apis\jars\xml-apis-1.4.01.jar, C:\Users\Dane\.ivy2\cache\javax.transaction\jta\jars\jta-1.1.jar, C:\Users\Dane\.ivy2\cache\com.typesafe.play\filters-helpers_2.11\jars\filters-helpers_2.11-2.3.10.jar, C:\Users\Dane\.ivy2\cache\com.typesafe.play\play-ws_2.11\jars\play-ws_2.11-2.3.10.jar, C:\Users\Dane\.ivy2\cache\com.google.guava\guava\bundles\guava-16.0.1.jar, C:\Users\Dane\.ivy2\cache\com.ning\async-http-client\jars\async-http-client-1.8.15.jar, C:\Users\Dane\.ivy2\cache\oauth.signpost\signpost-core\jars\signpost-core-1.2.1.2.jar, C:\Users\Dane\.ivy2\cache\oauth.signpost\signpost-commonshttp4\jars\signpost-commonshttp4-1.2.1.2.jar, C:\Users\Dane\.ivy2\cache\org.apache.httpcomponents\httpcore\jars\httpcore-4.0.1.jar, C:\Users\Dane\.ivy2\cache\org.apache.httpcomponents\httpclient\jars\httpclient-4.0.1.jar, C:\Users\Dane\.ivy2\cache\commons-logging\commons-logging\jars\commons-logging-1.1.1.jar, C:\Users\Dane\.ivy2\cache\com.typesafe.play\play-cache_2.11\jars\play-cache_2.11-2.3.10.jar, C:\Users\Dane\.ivy2\cache\net.sf.ehcache\ehcache-core\jars\ehcache-core-2.6.8.jar, C:\Users\Dane\.ivy2\cache\org.webjars\requirejs\jars\requirejs-2.1.20.jar, C:\Users\Dane\.ivy2\cache\org.webjars\underscorejs\jars\underscorejs-1.8.3.jar, C:\Users\Dane\.ivy2\cache\org.webjars\jquery\jars\jquery-3.0.0.jar, C:\Users\Dane\.ivy2\cache\org.webjars\bootstrap\jars\bootstrap-3.3.7.jar, C:\Users\Dane\.ivy2\cache\org.webjars\angularjs\jars\angularjs-1.4.7.jar, C:\Users\Dane\.ivy2\cache\org.webjars\angular-ui-bootstrap\jars\angular-ui-bootstrap-0.14.0.jar, C:\Users\Dane\.ivy2\cache\org.webjars\ng-table\jars\ng-table-0.3.3.jar, C:\Users\Dane\.ivy2\cache\org.scala-lang.modules\scala-async_2.11\bundles\scala-async_2.11-0.9.5.jar, C:\Users\Dane\.ivy2\cache\com.typesafe.play\play-slick_2.11\jars\play-slick_2.11-0.8.1.jar, C:\Users\Dane\.ivy2\cache\com.typesafe.play\play-jdbc_2.11\jars\play-jdbc_2.11-2.3.4.jar, C:\Users\Dane\.ivy2\cache\com.jolbox\bonecp\bundles\bonecp-0.8.0.RELEASE.jar, C:\Users\Dane\.ivy2\cache\com.h2database\h2\jars\h2-1.3.175.jar, C:\Users\Dane\.ivy2\cache\tyrex\tyrex\jars\tyrex-1.0.1.jar, C:\Users\Dane\.ivy2\cache\com.typesafe.slick\slick_2.11\bundles\slick_2.11-2.1.0.jar, C:\Users\Dane\.ivy2\cache\javax.servlet\javax.servlet-api\jars\javax.servlet-api-3.0.1.jar, C:\Users\Dane\.ivy2\cache\com.google.code.findbugs\jsr305\jars\jsr305-2.0.1.jar, C:\Users\Dane\.ivy2\cache\org.reflections\reflections\jars\reflections-0.9.8.jar, C:\Users\Dane\.ivy2\cache\dom4j\dom4j\jars\dom4j-1.6.1.jar, C:\Users\Dane\.ivy2\cache\mysql\mysql-connector-java\jars\mysql-connector-java-5.1.37.jar),List((public/,E:\Development\Projects\tuniboard\target\web\public\main)),List(C:\Users\Dane\.ivy2\cache\com.typesafe.play\play-docs_2.11\jars\play-docs_2.11-2.3.10.jar, C:\Users\Dane\.ivy2\cache\org.scala-lang\scala-library\jars\scala-library-2.11.1.jar, C:\Users\Dane\.ivy2\cache\com.typesafe.play\play_2.11\jars\play_2.11-2.3.10.jar, C:\Users\Dane\.ivy2\cache\com.typesafe.play\build-link\jars\build-link-2.3.10.jar, C:\Users\Dane\.ivy2\cache\com.typesafe.play\play-exceptions\jars\play-exceptions-2.3.10.jar, C:\Users\Dane\.ivy2\cache\org.javassist\javassist\bundles\javassist-3.18.2-GA.jar, C:\Users\Dane\.ivy2\cache\com.typesafe.play\play-iteratees_2.11\jars\play-iteratees_2.11-2.3.10.jar, C:\Users\Dane\.ivy2\cache\org.scala-stm\scala-stm_2.11\jars\scala-stm_2.11-0.7.jar, C:\Users\Dane\.ivy2\cache\com.typesafe\config\bundles\config-1.2.1.jar, C:\Users\Dane\.ivy2\cache\com.typesafe.play\play-json_2.11\jars\play-json_2.11-2.3.10.jar, C:\Users\Dane\.ivy2\cache\com.typesafe.play\play-functional_2.11\jars\play-functional_2.11-2.3.10.jar, C:\Users\Dane\.ivy2\cache\com.typesafe.play\play-datacommons_2.11\jars\play-datacommons_2.11-2.3.10.jar, C:\Users\Dane\.ivy2\cache\joda-time\joda-time\jars\joda-time-2.3.jar, C:\Users\Dane\.ivy2\cache\org.joda\joda-convert\jars\joda-convert-1.6.jar, C:\Users\Dane\.ivy2\cache\com.fasterxml.jackson.core\jackson-annotations\bundles\jackson-annotations-2.3.2.jar, C:\Users\Dane\.ivy2\cache\com.fasterxml.jackson.core\jackson-core\bundles\jackson-core-2.3.2.jar, C:\Users\Dane\.ivy2\cache\com.fasterxml.jackson.core\jackson-databind\bundles\jackson-databind-2.3.2.jar, C:\Users\Dane\.ivy2\cache\org.scala-lang\scala-reflect\jars\scala-reflect-2.11.1.jar, C:\Users\Dane\.ivy2\cache\com.typesafe.play\twirl-api_2.11\jars\twirl-api_2.11-1.0.2.jar, C:\Users\Dane\.ivy2\cache\org.apache.commons\commons-lang3\jars\commons-lang3-3.1.jar, C:\Users\Dane\.ivy2\cache\org.scala-lang.modules\scala-xml_2.11\bundles\scala-xml_2.11-1.0.1.jar, C:\Users\Dane\.ivy2\cache\org.scala-lang.modules\scala-parser-combinators_2.11\bundles\scala-parser-combinators_2.11-1.0.1.jar, C:\Users\Dane\.ivy2\cache\io.netty\netty\bundles\netty-3.9.9.Final.jar, C:\Users\Dane\.ivy2\cache\com.typesafe.netty\netty-http-pipelining\jars\netty-http-pipelining-1.1.2.jar, C:\Users\Dane\.ivy2\cache\org.slf4j\slf4j-api\jars\slf4j-api-1.7.6.jar, C:\Users\Dane\.ivy2\cache\org.slf4j\jul-to-slf4j\jars\jul-to-slf4j-1.7.6.jar, C:\Users\Dane\.ivy2\cache\org.slf4j\jcl-over-slf4j\jars\jcl-over-slf4j-1.7.6.jar, C:\Users\Dane\.ivy2\cache\ch.qos.logback\logback-core\jars\logback-core-1.1.1.jar, C:\Users\Dane\.ivy2\cache\ch.qos.logback\logback-classic\jars\logback-classic-1.1.1.jar, C:\Users\Dane\.ivy2\cache\com.typesafe.akka\akka-actor_2.11\jars\akka-actor_2.11-2.3.4.jar, C:\Users\Dane\.ivy2\cache\com.typesafe.akka\akka-slf4j_2.11\jars\akka-slf4j_2.11-2.3.4.jar, C:\Users\Dane\.ivy2\cache\commons-codec\commons-codec\jars\commons-codec-1.9.jar, C:\Users\Dane\.ivy2\cache\xerces\xercesImpl\jars\xercesImpl-2.11.0.jar, C:\Users\Dane\.ivy2\cache\xml-apis\xml-apis\jars\xml-apis-1.4.01.jar, C:\Users\Dane\.ivy2\cache\javax.transaction\jta\jars\jta-1.1.jar, C:\Users\Dane\.ivy2\cache\com.typesafe.play\play-doc_2.11\jars\play-doc_2.11-1.1.0.jar, C:\Users\Dane\.ivy2\cache\org.pegdown\pegdown\jars\pegdown-1.4.0.jar, C:\Users\Dane\.ivy2\cache\org.parboiled\parboiled-java\bundles\parboiled-java-1.1.5.jar, C:\Users\Dane\.ivy2\cache\org.parboiled\parboiled-core\bundles\parboiled-core-1.1.5.jar, C:\Users\Dane\.ivy2\cache\org.ow2.asm\asm\jars\asm-4.1.jar, C:\Users\Dane\.ivy2\cache\org.ow2.asm\asm-tree\jars\asm-tree-4.1.jar, C:\Users\Dane\.ivy2\cache\org.ow2.asm\asm-analysis\jars\asm-analysis-4.1.jar, C:\Users\Dane\.ivy2\cache\org.ow2.asm\asm-util\jars\asm-util-4.1.jar, C:\Users\Dane\.ivy2\cache\commons-io\commons-io\jars\commons-io-2.4.jar),List(),9000,DefaultWatchService,List(E:\Development\Projects\tuniboard\app-2.11, E:\Development\Projects\tuniboard\app, E:\Development\Projects\tuniboard\conf, E:\Development\Projects\tuniboard\app\assets, E:\Development\Projects\tuniboard\public),E:\Development\Projects\tuniboard\target,500,root/playForkNotifyStart,root/playForkReload,300000))))
Sending msg to client play-fork-run-26e9942e-83f5-4ee5-86c9-8fc8b6d70d19: TaskStarted(16,1491,None)
Sending msg to client play-fork-run-26e9942e-83f5-4ee5-86c9-8fc8b6d70d19: TaskFinished(16,1491,None,true,None)
Sending msg to client play-fork-run-26e9942e-83f5-4ee5-86c9-8fc8b6d70d19: TaskStarted(16,1490,None)
Sending msg to client play-fork-run-26e9942e-83f5-4ee5-86c9-8fc8b6d70d19: TaskFinished(16,1490,None,true,None)
Sending msg to client play-fork-run-26e9942e-83f5-4ee5-86c9-8fc8b6d70d19: DetachedLogEvent(LogMessage(debug,cancel strategy finish enabled=false lastCommand=Some(LastCommand(CommandExecutionWork(ExecutionId(16),{file:/E:/Development/Projects/tuniboard/}root/*:playForkConfig,Set(LiveClient(play-fork-run 26e9942e-83f5-4ee5-86c9-8fc8b6d70d19)),sbt.server.WorkCancellationStatus$$anon$1@4c6b86db)))))
Sending msg to client play-fork-run-26e9942e-83f5-4ee5-86c9-8fc8b6d70d19: DetachedLogEvent(LogSuccess(Total time: 0 s, completed 01.09.2016 22:56:01))
Sending msg to client play-fork-run-26e9942e-83f5-4ee5-86c9-8fc8b6d70d19: DetachedLogEvent(LogMessage(debug,> server-post-command-cleanup))
Sending msg to client play-fork-run-26e9942e-83f5-4ee5-86c9-8fc8b6d70d19: ExecutionSuccess(16)
Sending msg to client play-fork-run-26e9942e-83f5-4ee5-86c9-8fc8b6d70d19: DetachedLogEvent(LogMessage(debug,> server-handle-next-server-request))
Sending msg to client play-fork-run-26e9942e-83f5-4ee5-86c9-8fc8b6d70d19: BackgroundJobLogEvent(1,LogMessage(info,))
Sending msg to client play-fork-run-26e9942e-83f5-4ee5-86c9-8fc8b6d70d19: BackgroundJobLogEvent(1,LogMessage(info,--- (Running the application, auto-reloading is enabled) ---))
Sending msg to client play-fork-run-26e9942e-83f5-4ee5-86c9-8fc8b6d70d19: BackgroundJobLogEvent(1,LogMessage(info,))
Sending msg to client play-fork-run-26e9942e-83f5-4ee5-86c9-8fc8b6d70d19: BackgroundJobLogEvent(1,LogMessage(info,play - Listening for HTTP on /0:0:0:0:0:0:0:0:9000))
Sending msg to client play-fork-run-26e9942e-83f5-4ee5-86c9-8fc8b6d70d19: BackgroundJobLogEvent(1,LogMessage(info,))
Sending msg to client play-fork-run-26e9942e-83f5-4ee5-86c9-8fc8b6d70d19: BackgroundJobLogEvent(1,LogMessage(info,(Server started, use Ctrl+D to stop and go back to the console...)))
Sending msg to client play-fork-run-26e9942e-83f5-4ee5-86c9-8fc8b6d70d19: BackgroundJobLogEvent(1,LogMessage(info,))
Got request: ExecutionRequest(root/playForkNotifyStart http://localhost:9000)
Reading next message from client.
Sending msg to client play-fork-run-26e9942e-83f5-4ee5-86c9-8fc8b6d70d19: (8,ExecutionRequestReceived(17))
Sending msg to client play-fork-run-26e9942e-83f5-4ee5-86c9-8fc8b6d70d19: ExecutionWaiting(17,root/playForkNotifyStart http://localhost:9000,ClientInfo(26e9942e-83f5-4ee5-86c9-8fc8b6d70d19,play-fork-run,Play Fork Run,1,Vector()))
Sending msg to client play-fork-run-26e9942e-83f5-4ee5-86c9-8fc8b6d70d19: ExecutionStarting(17)
Sending msg to client play-fork-run-26e9942e-83f5-4ee5-86c9-8fc8b6d70d19: DetachedLogEvent(LogMessage(debug,> root/playForkNotifyStart http://localhost:9000))
Sending msg to client play-fork-run-26e9942e-83f5-4ee5-86c9-8fc8b6d70d19: DetachedLogEvent(LogMessage(debug,Evaluating tasks: *:playForkNotifyStart))
Sending msg to client play-fork-run-26e9942e-83f5-4ee5-86c9-8fc8b6d70d19: DetachedLogEvent(LogMessage(debug,Running task... Cancel: sbt.server.ServerTaskCancellation@9f9fd7, check cycles: false))
Sending msg to client play-fork-run-26e9942e-83f5-4ee5-86c9-8fc8b6d70d19: DetachedLogEvent(LogMessage(debug,cancel strategy start enabled=true lastCommand=Some(LastCommand(CommandExecutionWork(ExecutionId(17),root/playForkNotifyStart http://localhost:9000,Set(LiveClient(play-fork-run 26e9942e-83f5-4ee5-86c9-8fc8b6d70d19)),sbt.server.WorkCancellationStatus$$anon$1@69d33051)))))
Sending msg to client play-fork-run-26e9942e-83f5-4ee5-86c9-8fc8b6d70d19: TaskStarted(17,1566,Some(AttributeKey[sbt.SendEventService]("sendEventService") in Scope(Global)))
Sending msg to client play-fork-run-26e9942e-83f5-4ee5-86c9-8fc8b6d70d19: TaskFinished(17,1566,Some(AttributeKey[sbt.SendEventService]("sendEventService") in Scope(Global)),true,None)
Sending msg to client play-fork-run-26e9942e-83f5-4ee5-86c9-8fc8b6d70d19: TaskStarted(17,1565,Some(AttributeKey[scala.Function1[java.lang.String,void]]("playForkStarted") in Scope(Build: file:/E:/Development/Projects/tuniboard/, , Project: ProjectReference(file:/E:/Development/Projects/tuniboard/,root))))
Sending msg to client play-fork-run-26e9942e-83f5-4ee5-86c9-8fc8b6d70d19: TaskFinished(17,1565,Some(AttributeKey[scala.Function1[java.lang.String,void]]("playForkStarted") in Scope(Build: file:/E:/Development/Projects/tuniboard/, , Project: ProjectReference(file:/E:/Development/Projects/tuniboard/,root))),true,None)
Sending msg to client play-fork-run-26e9942e-83f5-4ee5-86c9-8fc8b6d70d19: TaskStarted(17,1564,Some(AttributeKey[void]("playForkNotifyStart") in Scope(Build: file:/E:/Development/Projects/tuniboard/, , Project: ProjectReference(file:/E:/Development/Projects/tuniboard/,root))))
Sending msg to client play-fork-run-26e9942e-83f5-4ee5-86c9-8fc8b6d70d19: TaskEvent(1564,LazyValue(PlayServerStarted(http://localhost:9000),play.forkrun.protocol.Serializers$PlayForkrunProtocolPlayServerStartedPickler1$2$@197217a6))
Sending msg to client play-fork-run-26e9942e-83f5-4ee5-86c9-8fc8b6d70d19: TaskFinished(17,1564,Some(AttributeKey[void]("playForkNotifyStart") in Scope(Build: file:/E:/Development/Projects/tuniboard/, , Project: ProjectReference(file:/E:/Development/Projects/tuniboard/,root))),true,None)
Sending msg to client play-fork-run-26e9942e-83f5-4ee5-86c9-8fc8b6d70d19: TaskStarted(17,1563,None)
Sending msg to client play-fork-run-26e9942e-83f5-4ee5-86c9-8fc8b6d70d19: TaskFinished(17,1563,None,true,None)
Sending msg to client play-fork-run-26e9942e-83f5-4ee5-86c9-8fc8b6d70d19: TaskStarted(17,1562,None)
Sending msg to client play-fork-run-26e9942e-83f5-4ee5-86c9-8fc8b6d70d19: TaskFinished(17,1562,None,true,None)
Sending msg to client play-fork-run-26e9942e-83f5-4ee5-86c9-8fc8b6d70d19: DetachedLogEvent(LogMessage(debug,cancel strategy finish enabled=false lastCommand=Some(LastCommand(CommandExecutionWork(ExecutionId(17),root/playForkNotifyStart http://localhost:9000,Set(LiveClient(play-fork-run 26e9942e-83f5-4ee5-86c9-8fc8b6d70d19)),sbt.server.WorkCancellationStatus$$anon$1@69d33051)))))
Sending msg to client play-fork-run-26e9942e-83f5-4ee5-86c9-8fc8b6d70d19: DetachedLogEvent(LogSuccess(Total time: 0 s, completed 01.09.2016 22:56:02))
Sending msg to client play-fork-run-26e9942e-83f5-4ee5-86c9-8fc8b6d70d19: DetachedLogEvent(LogMessage(debug,> server-post-command-cleanup))
Sending msg to client play-fork-run-26e9942e-83f5-4ee5-86c9-8fc8b6d70d19: ExecutionSuccess(17)
Sending msg to client play-fork-run-26e9942e-83f5-4ee5-86c9-8fc8b6d70d19: DetachedLogEvent(LogMessage(debug,> server-handle-next-server-request))
Sending msg to client play-fork-run-26e9942e-83f5-4ee5-86c9-8fc8b6d70d19: ExecutionWaiting(18,jobStop 1,ClientInfo(19b58d42-8d90-4b33-94a0-d43a90bdb341,activator,Activator,3,Vector()))
Sending msg to client play-fork-run-26e9942e-83f5-4ee5-86c9-8fc8b6d70d19: ExecutionStarting(18)
Sending msg to client play-fork-run-26e9942e-83f5-4ee5-86c9-8fc8b6d70d19: DetachedLogEvent(LogMessage(debug,> jobStop 1))
Sending msg to client play-fork-run-26e9942e-83f5-4ee5-86c9-8fc8b6d70d19: DetachedLogEvent(LogMessage(debug,Evaluating tasks: *:jobStop))
Sending msg to client play-fork-run-26e9942e-83f5-4ee5-86c9-8fc8b6d70d19: DetachedLogEvent(LogMessage(debug,Running task... Cancel: sbt.server.ServerTaskCancellation@1e542033, check cycles: false))
Sending msg to client play-fork-run-26e9942e-83f5-4ee5-86c9-8fc8b6d70d19: DetachedLogEvent(LogMessage(debug,cancel strategy start enabled=true lastCommand=Some(LastCommand(CommandExecutionWork(ExecutionId(18),jobStop 1,Set(LiveClient(activator 19b58d42-8d90-4b33-94a0-d43a90bdb341)),sbt.server.WorkCancellationStatus$$anon$1@54bdd74a)))))
Sending msg to client play-fork-run-26e9942e-83f5-4ee5-86c9-8fc8b6d70d19: TaskStarted(18,1569,Some(AttributeKey[void]("jobStop") in Scope(Global)))
Sending msg to client play-fork-run-26e9942e-83f5-4ee5-86c9-8fc8b6d70d19: TaskFinished(18,1569,Some(AttributeKey[void]("jobStop") in Scope(Global)),true,None)
Sending msg to client play-fork-run-26e9942e-83f5-4ee5-86c9-8fc8b6d70d19: TaskStarted(18,1568,None)
Sending msg to client play-fork-run-26e9942e-83f5-4ee5-86c9-8fc8b6d70d19: BackgroundJobLogEvent(1,LogMessage(info,Stopping Play fork run ...))
Sending msg to client play-fork-run-26e9942e-83f5-4ee5-86c9-8fc8b6d70d19: TaskFinished(18,1568,None,true,None)
Sending msg to client play-fork-run-26e9942e-83f5-4ee5-86c9-8fc8b6d70d19: TaskStarted(18,1567,None)
Sending msg to client play-fork-run-26e9942e-83f5-4ee5-86c9-8fc8b6d70d19: TaskFinished(18,1567,None,true,None)
Sending msg to client play-fork-run-26e9942e-83f5-4ee5-86c9-8fc8b6d70d19: DetachedLogEvent(LogMessage(debug,cancel strategy finish enabled=false lastCommand=Some(LastCommand(CommandExecutionWork(ExecutionId(18),jobStop 1,Set(LiveClient(activator 19b58d42-8d90-4b33-94a0-d43a90bdb341)),sbt.server.WorkCancellationStatus$$anon$1@54bdd74a)))))
Sending msg to client play-fork-run-26e9942e-83f5-4ee5-86c9-8fc8b6d70d19: DetachedLogEvent(LogSuccess(Total time: 0 s, completed 01.09.2016 22:56:06))
Sending msg to client play-fork-run-26e9942e-83f5-4ee5-86c9-8fc8b6d70d19: DetachedLogEvent(LogMessage(debug,> server-post-command-cleanup))
Sending msg to client play-fork-run-26e9942e-83f5-4ee5-86c9-8fc8b6d70d19: ExecutionSuccess(18)
Sending msg to client play-fork-run-26e9942e-83f5-4ee5-86c9-8fc8b6d70d19: DetachedLogEvent(LogMessage(debug,> server-handle-next-server-request))
Got request: UnlistenToEvents()
Reading next message from client.
Sending msg to client play-fork-run-26e9942e-83f5-4ee5-86c9-8fc8b6d70d19: (9,ReceivedResponse())
Got request: UnlistenToValue(AttributeKey[play.forkrun.protocol.ForkConfig]("playForkConfig") in Scope(Build: file:/E:/Development/Projects/tuniboard/, , Project: ProjectReference(file:/E:/Development/Projects/tuniboard/,root)))
Reading next message from client.
Client play-fork-run-26e9942e-83f5-4ee5-86c9-8fc8b6d70d19 EOF, shutting down.
Stopping client.
Dropping message (10,ReceivedResponse()) to dead client play-fork-run-26e9942e-83f5-4ee5-86c9-8fc8b6d70d19
Dropping message (0,ReceivedResponse()) to dead client play-fork-run-26e9942e-83f5-4ee5-86c9-8fc8b6d70d19
Client play-fork-run-26e9942e-83f5-4ee5-86c9-8fc8b6d70d19 thread exiting.
