New log file opened at Fri Sep 02 18:39:18 CEST 2016 by 10236@DESKTOP-VQGB3GE
jvm 10236@DESKTOP-VQGB3GE
jvm vmName=Java HotSpot(TM) 64-Bit Server VM vmVendor=Oracle Corporation vmVersion=25.102-b14
jvm specName=Java Virtual Machine Specification specVendor=Oracle Corporation specVersion=1.8
jvm arguments: [-Xms256m, -Xmx1024m, -XX:MetaspaceSize=64m, -XX:MaxMetaspaceSize=256m]
Starting event engine
Starting sbt command engine
Waiting for sbt command engine
Command engine arguments=List()
Command engine baseDirectory=E:\Development\Projects\tuniboard
Command engine initial remaining commands List(--initialize, onFailure load-failed, boot, server-send-ready-for-request, server-handle-next-server-request)
> --initialize
> initialize
> onFailure load-failed
> boot
> reload
[Loading] Scanning directory E:\Development\Projects\tuniboard\project
[Loading] Found non-root projects 
[Loading] Done in E:\Development\Projects\tuniboard\project, returning: ()
deducing auto plugins based on known facts Set(Atom(sbt.plugins.CorePlugin)) and clauses Clauses(List(Clause(Atom(sbt.plugins.JvmPlugin),Set(Atom(sbt.plugins.IvyPlugin))), Clause(Atom(sbt.plugins.JUnitXmlReportPlugin),Set(Atom(sbt.plugins.JvmPlugin))), Clause(Atom(sbt.plugins.CorePlugin),Set(Atom(sbt.plugins.IvyPlugin))), Clause(Atom(sbt.plugins.IvyPlugin),Set(Atom(sbt.plugins.JvmPlugin))), Clause(Atom(sbt.plugins.JvmPlugin),Set(Atom(sbt.plugins.JUnitXmlReportPlugin)))))
  :: deduced result: Matched(sbt.plugins.CorePlugin,sbt.plugins.IvyPlugin,sbt.plugins.JvmPlugin,sbt.plugins.JUnitXmlReportPlugin)
sorting: ns: List(sbt.plugins.CorePlugin, sbt.plugins.IvyPlugin, sbt.plugins.JvmPlugin, sbt.plugins.JUnitXmlReportPlugin)
  :: sorting:: found: List(sbt.plugins.CorePlugin) not found List(sbt.plugins.IvyPlugin, sbt.plugins.JvmPlugin, sbt.plugins.JUnitXmlReportPlugin)
  :: sorting:: found: List(sbt.plugins.CorePlugin, sbt.plugins.IvyPlugin) not found List(sbt.plugins.JvmPlugin, sbt.plugins.JUnitXmlReportPlugin)
  :: sorting:: found: List(sbt.plugins.CorePlugin, sbt.plugins.IvyPlugin, sbt.plugins.JvmPlugin) not found List(sbt.plugins.JUnitXmlReportPlugin)
  :: sorting:: found: List(sbt.plugins.CorePlugin, sbt.plugins.IvyPlugin, sbt.plugins.JvmPlugin, sbt.plugins.JUnitXmlReportPlugin) not found List()
  :: sorted deduced result: List(sbt.plugins.CorePlugin, sbt.plugins.IvyPlugin, sbt.plugins.JvmPlugin, sbt.plugins.JUnitXmlReportPlugin)
[Loading] Done in E:\Development\Projects\tuniboard\project, returning: (tuniboard-build)
Loading project definition from E:\Development\Projects\tuniboard\project
Running task... Cancel: sbt.TaskCancellationStrategy$Null$@44f28318, check cycles: false

Initial source changes: 
	removed:Set()
	added: Set()
	modified: Set()
Removed products: Set()
External API changes: API Changes: Set()
Modified binary dependencies: Set()
Initial directly invalidated sources: Set()

Sources indirectly invalidated by:
	product: Set()
	binary dep: Set()
	external source: Set()
All initially invalidated sources: Set()

Copy resource mappings: 
	
[Loading] Scanning directory E:\Development\Projects\tuniboard
[Loading] Found root project root w/ remaining 
deducing auto plugins based on known facts Set(Atom(play.PlayScala), Atom(sbt.plugins.CorePlugin)) and clauses Clauses(List(Clause(Atom(sbt.plugins.JvmPlugin),Set(Atom(sbt.plugins.IvyPlugin))), Clause(Atom(sbt.plugins.JUnitXmlReportPlugin),Set(Atom(sbt.plugins.JvmPlugin))), Clause(Atom(play.sbt.forkrun.PlayForkRun),Set(Atom(sbt.plugins.BackgroundRunPlugin))), Clause(Atom(play.sbt.forkrun.PlayForkRun),Set(Atom(play.Play))), Clause(Atom(play.sbt.forkrun.PlayForkRun),Set(Atom(sbt.plugins.SerializersPlugin))), Clause(Atom(play.Play),Set(Atom(com.typesafe.sbt.webdriver.SbtWebDriver))), Clause(Atom(play.Play),Set(Atom(play.twirl.sbt.SbtTwirl))), Clause(Atom(play.Play),Set(Atom(com.typesafe.sbt.jse.SbtJsTask))), Clause(Atom(play.PlayJava),Set(Atom(play.Play))), Clause(Atom(play.PlayScala),Set(Atom(play.Play))), Clause(Atom(play.twirl.sbt.SbtTwirl),Set(Atom(sbt.plugins.JvmPlugin))), Clause(Atom(com.typesafe.sbt.jse.SbtJsEngine),Set(Atom(com.typesafe.sbt.web.SbtWeb))), Clause(Atom(com.typesafe.sbt.jse.SbtJsTask),Set(Atom(com.typesafe.sbt.jse.SbtJsEngine))), Clause(Atom(com.typesafe.sbt.webdriver.SbtWebDriver),Set(Atom(com.typesafe.sbt.web.SbtWeb))), Clause(Atom(sbt.plugins.BackgroundRunPlugin),Set(Atom(sbt.plugins.JvmPlugin))), Clause(Atom(com.typesafe.sbt.jshint.SbtJSHint),Set(Atom(com.typesafe.sbt.jse.SbtJsTask))), Clause(Atom(com.typesafe.sbt.less.SbtLess),Set(Atom(com.typesafe.sbt.jse.SbtJsTask))), Clause(Atom(com.typesafe.sbt.rjs.SbtRjs),Set(Atom(com.typesafe.sbt.jse.SbtJsTask))), Clause(Atom(com.typesafe.sbt.digest.SbtDigest),Set(Atom(com.typesafe.sbt.web.SbtWeb))), Clause(Atom(com.typesafe.sbt.web.SbtWeb),Set(Atom(sbt.plugins.JvmPlugin))), Clause(Atom(com.typesafe.sbt.gzip.SbtGzip),Set(Atom(com.typesafe.sbt.web.SbtWeb))), Clause(Atom(sbt.plugins.CorePlugin),Set(Atom(sbt.plugins.IvyPlugin))), Clause(Atom(sbt.plugins.IvyPlugin),Set(Atom(sbt.plugins.JvmPlugin))), Clause(Atom(sbt.plugins.JvmPlugin),Set(Atom(sbt.plugins.JUnitXmlReportPlugin))), Clause(And(Set(Atom(sbt.plugins.BackgroundRunPlugin), Atom(play.Play), Atom(sbt.plugins.SerializersPlugin))),Set(Atom(play.sbt.forkrun.PlayForkRun))), Clause(Atom(com.typesafe.sbt.web.SbtWeb),Set(Atom(com.typesafe.sbt.jse.SbtJsEngine))), Clause(Atom(com.typesafe.sbt.jse.SbtJsEngine),Set(Atom(com.typesafe.sbt.jse.SbtJsTask))), Clause(Atom(com.typesafe.sbt.web.SbtWeb),Set(Atom(com.typesafe.sbt.webdriver.SbtWebDriver))), Clause(Atom(sbt.plugins.JvmPlugin),Set(Atom(sbt.plugins.BackgroundRunPlugin))), Clause(Atom(sbt.plugins.CorePlugin),Set(Atom(sbt.plugins.InteractionServicePlugin))), Clause(Atom(sbt.plugins.CorePlugin),Set(Atom(sbt.plugins.SendEventServicePlugin))), Clause(Atom(sbt.plugins.CorePlugin),Set(Atom(sbt.plugins.SerializersPlugin))), Clause(Atom(com.typesafe.sbt.jse.SbtJsTask),Set(Atom(com.typesafe.sbt.jshint.SbtJSHint))), Clause(Atom(com.typesafe.sbt.jse.SbtJsTask),Set(Atom(com.typesafe.sbt.less.SbtLess))), Clause(Atom(com.typesafe.sbt.jse.SbtJsTask),Set(Atom(com.typesafe.sbt.rjs.SbtRjs))), Clause(Atom(com.typesafe.sbt.web.SbtWeb),Set(Atom(com.typesafe.sbt.digest.SbtDigest))), Clause(Atom(com.typesafe.sbt.web.SbtWeb),Set(Atom(com.typesafe.sbt.gzip.SbtGzip)))))
  :: deduced result: Matched(sbt.plugins.CorePlugin,play.PlayScala,sbt.plugins.InteractionServicePlugin,sbt.plugins.SendEventServicePlugin,play.Play,sbt.plugins.SerializersPlugin,sbt.plugins.IvyPlugin,sbt.plugins.JvmPlugin,com.typesafe.sbt.jse.SbtJsTask,play.twirl.sbt.SbtTwirl,com.typesafe.sbt.webdriver.SbtWebDriver,com.typesafe.sbt.jshint.SbtJSHint,sbt.plugins.JUnitXmlReportPlugin,com.typesafe.sbt.less.SbtLess,com.typesafe.sbt.web.SbtWeb,com.typesafe.sbt.rjs.SbtRjs,com.typesafe.sbt.jse.SbtJsEngine,sbt.plugins.BackgroundRunPlugin,com.typesafe.sbt.gzip.SbtGzip,com.typesafe.sbt.digest.SbtDigest,play.sbt.forkrun.PlayForkRun)
sorting: ns: List(sbt.plugins.CorePlugin, play.PlayScala, sbt.plugins.InteractionServicePlugin, sbt.plugins.SendEventServicePlugin, play.Play, sbt.plugins.SerializersPlugin, sbt.plugins.IvyPlugin, sbt.plugins.JvmPlugin, com.typesafe.sbt.jse.SbtJsTask, play.twirl.sbt.SbtTwirl, com.typesafe.sbt.webdriver.SbtWebDriver, com.typesafe.sbt.jshint.SbtJSHint, sbt.plugins.JUnitXmlReportPlugin, com.typesafe.sbt.less.SbtLess, com.typesafe.sbt.web.SbtWeb, com.typesafe.sbt.rjs.SbtRjs, com.typesafe.sbt.jse.SbtJsEngine, sbt.plugins.BackgroundRunPlugin, com.typesafe.sbt.gzip.SbtGzip, com.typesafe.sbt.digest.SbtDigest, play.sbt.forkrun.PlayForkRun)
  :: sorting:: found: List(sbt.plugins.CorePlugin) not found List(play.PlayScala, sbt.plugins.InteractionServicePlugin, sbt.plugins.SendEventServicePlugin, play.Play, sbt.plugins.SerializersPlugin, sbt.plugins.IvyPlugin, sbt.plugins.JvmPlugin, com.typesafe.sbt.jse.SbtJsTask, play.twirl.sbt.SbtTwirl, com.typesafe.sbt.webdriver.SbtWebDriver, com.typesafe.sbt.jshint.SbtJSHint, sbt.plugins.JUnitXmlReportPlugin, com.typesafe.sbt.less.SbtLess, com.typesafe.sbt.web.SbtWeb, com.typesafe.sbt.rjs.SbtRjs, com.typesafe.sbt.jse.SbtJsEngine, sbt.plugins.BackgroundRunPlugin, com.typesafe.sbt.gzip.SbtGzip, com.typesafe.sbt.digest.SbtDigest, play.sbt.forkrun.PlayForkRun)
  :: sorting:: found: List(sbt.plugins.CorePlugin, sbt.plugins.InteractionServicePlugin, sbt.plugins.SendEventServicePlugin, sbt.plugins.SerializersPlugin, sbt.plugins.IvyPlugin) not found List(play.PlayScala, play.Play, sbt.plugins.JvmPlugin, com.typesafe.sbt.jse.SbtJsTask, play.twirl.sbt.SbtTwirl, com.typesafe.sbt.webdriver.SbtWebDriver, com.typesafe.sbt.jshint.SbtJSHint, sbt.plugins.JUnitXmlReportPlugin, com.typesafe.sbt.less.SbtLess, com.typesafe.sbt.web.SbtWeb, com.typesafe.sbt.rjs.SbtRjs, com.typesafe.sbt.jse.SbtJsEngine, sbt.plugins.BackgroundRunPlugin, com.typesafe.sbt.gzip.SbtGzip, com.typesafe.sbt.digest.SbtDigest, play.sbt.forkrun.PlayForkRun)
  :: sorting:: found: List(sbt.plugins.CorePlugin, sbt.plugins.InteractionServicePlugin, sbt.plugins.SendEventServicePlugin, sbt.plugins.SerializersPlugin, sbt.plugins.IvyPlugin, sbt.plugins.JvmPlugin) not found List(play.PlayScala, play.Play, com.typesafe.sbt.jse.SbtJsTask, play.twirl.sbt.SbtTwirl, com.typesafe.sbt.webdriver.SbtWebDriver, com.typesafe.sbt.jshint.SbtJSHint, sbt.plugins.JUnitXmlReportPlugin, com.typesafe.sbt.less.SbtLess, com.typesafe.sbt.web.SbtWeb, com.typesafe.sbt.rjs.SbtRjs, com.typesafe.sbt.jse.SbtJsEngine, sbt.plugins.BackgroundRunPlugin, com.typesafe.sbt.gzip.SbtGzip, com.typesafe.sbt.digest.SbtDigest, play.sbt.forkrun.PlayForkRun)
  :: sorting:: found: List(sbt.plugins.CorePlugin, sbt.plugins.InteractionServicePlugin, sbt.plugins.SendEventServicePlugin, sbt.plugins.SerializersPlugin, sbt.plugins.IvyPlugin, sbt.plugins.JvmPlugin, play.twirl.sbt.SbtTwirl, sbt.plugins.JUnitXmlReportPlugin, com.typesafe.sbt.web.SbtWeb, sbt.plugins.BackgroundRunPlugin) not found List(play.PlayScala, play.Play, com.typesafe.sbt.jse.SbtJsTask, com.typesafe.sbt.webdriver.SbtWebDriver, com.typesafe.sbt.jshint.SbtJSHint, com.typesafe.sbt.less.SbtLess, com.typesafe.sbt.rjs.SbtRjs, com.typesafe.sbt.jse.SbtJsEngine, com.typesafe.sbt.gzip.SbtGzip, com.typesafe.sbt.digest.SbtDigest, play.sbt.forkrun.PlayForkRun)
  :: sorting:: found: List(sbt.plugins.CorePlugin, sbt.plugins.InteractionServicePlugin, sbt.plugins.SendEventServicePlugin, sbt.plugins.SerializersPlugin, sbt.plugins.IvyPlugin, sbt.plugins.JvmPlugin, play.twirl.sbt.SbtTwirl, sbt.plugins.JUnitXmlReportPlugin, com.typesafe.sbt.web.SbtWeb, sbt.plugins.BackgroundRunPlugin, com.typesafe.sbt.webdriver.SbtWebDriver, com.typesafe.sbt.jse.SbtJsEngine, com.typesafe.sbt.gzip.SbtGzip, com.typesafe.sbt.digest.SbtDigest) not found List(play.PlayScala, play.Play, com.typesafe.sbt.jse.SbtJsTask, com.typesafe.sbt.jshint.SbtJSHint, com.typesafe.sbt.less.SbtLess, com.typesafe.sbt.rjs.SbtRjs, play.sbt.forkrun.PlayForkRun)
  :: sorting:: found: List(sbt.plugins.CorePlugin, sbt.plugins.InteractionServicePlugin, sbt.plugins.SendEventServicePlugin, sbt.plugins.SerializersPlugin, sbt.plugins.IvyPlugin, sbt.plugins.JvmPlugin, play.twirl.sbt.SbtTwirl, sbt.plugins.JUnitXmlReportPlugin, com.typesafe.sbt.web.SbtWeb, sbt.plugins.BackgroundRunPlugin, com.typesafe.sbt.webdriver.SbtWebDriver, com.typesafe.sbt.jse.SbtJsEngine, com.typesafe.sbt.gzip.SbtGzip, com.typesafe.sbt.digest.SbtDigest, com.typesafe.sbt.jse.SbtJsTask) not found List(play.PlayScala, play.Play, com.typesafe.sbt.jshint.SbtJSHint, com.typesafe.sbt.less.SbtLess, com.typesafe.sbt.rjs.SbtRjs, play.sbt.forkrun.PlayForkRun)
  :: sorting:: found: List(sbt.plugins.CorePlugin, sbt.plugins.InteractionServicePlugin, sbt.plugins.SendEventServicePlugin, sbt.plugins.SerializersPlugin, sbt.plugins.IvyPlugin, sbt.plugins.JvmPlugin, play.twirl.sbt.SbtTwirl, sbt.plugins.JUnitXmlReportPlugin, com.typesafe.sbt.web.SbtWeb, sbt.plugins.BackgroundRunPlugin, com.typesafe.sbt.webdriver.SbtWebDriver, com.typesafe.sbt.jse.SbtJsEngine, com.typesafe.sbt.gzip.SbtGzip, com.typesafe.sbt.digest.SbtDigest, com.typesafe.sbt.jse.SbtJsTask, play.Play, com.typesafe.sbt.jshint.SbtJSHint, com.typesafe.sbt.less.SbtLess, com.typesafe.sbt.rjs.SbtRjs) not found List(play.PlayScala, play.sbt.forkrun.PlayForkRun)
  :: sorting:: found: List(sbt.plugins.CorePlugin, sbt.plugins.InteractionServicePlugin, sbt.plugins.SendEventServicePlugin, sbt.plugins.SerializersPlugin, sbt.plugins.IvyPlugin, sbt.plugins.JvmPlugin, play.twirl.sbt.SbtTwirl, sbt.plugins.JUnitXmlReportPlugin, com.typesafe.sbt.web.SbtWeb, sbt.plugins.BackgroundRunPlugin, com.typesafe.sbt.webdriver.SbtWebDriver, com.typesafe.sbt.jse.SbtJsEngine, com.typesafe.sbt.gzip.SbtGzip, com.typesafe.sbt.digest.SbtDigest, com.typesafe.sbt.jse.SbtJsTask, play.Play, com.typesafe.sbt.jshint.SbtJSHint, com.typesafe.sbt.less.SbtLess, com.typesafe.sbt.rjs.SbtRjs, play.PlayScala, play.sbt.forkrun.PlayForkRun) not found List()
  :: sorted deduced result: List(sbt.plugins.CorePlugin, sbt.plugins.InteractionServicePlugin, sbt.plugins.SendEventServicePlugin, sbt.plugins.SerializersPlugin, sbt.plugins.IvyPlugin, sbt.plugins.JvmPlugin, play.twirl.sbt.SbtTwirl, sbt.plugins.JUnitXmlReportPlugin, com.typesafe.sbt.web.SbtWeb, sbt.plugins.BackgroundRunPlugin, com.typesafe.sbt.webdriver.SbtWebDriver, com.typesafe.sbt.jse.SbtJsEngine, com.typesafe.sbt.gzip.SbtGzip, com.typesafe.sbt.digest.SbtDigest, com.typesafe.sbt.jse.SbtJsTask, play.Play, com.typesafe.sbt.jshint.SbtJSHint, com.typesafe.sbt.less.SbtLess, com.typesafe.sbt.rjs.SbtRjs, play.PlayScala, play.sbt.forkrun.PlayForkRun)
[Loading] Done in E:\Development\Projects\tuniboard, returning: (root)
Set current project to Tuniboard (in build file:/E:/Development/Projects/tuniboard/)
Reapplying settings...
Set current project to Tuniboard (in build file:/E:/Development/Projects/tuniboard/)
> iflast shell
> server-send-ready-for-request
> server-handle-next-server-request
> {file:/E:/Development/Projects/tuniboard/}root/compile:mainClass
Evaluating tasks: compile:mainClass
Running task... Cancel: sbt.server.ServerTaskCancellation@595c0f91, check cycles: false
Total time: 0 s, completed 02.09.2016 18:39:22
> server-post-command-cleanup
> server-handle-next-server-request
> {file:/E:/Development/Projects/tuniboard/}root/compile:discoveredMainClasses
Evaluating tasks: compile:discoveredMainClasses
Running task... Cancel: sbt.server.ServerTaskCancellation@6e598ee6, check cycles: false

Initial source changes: 
	removed:Set()
	added: Set()
	modified: Set()
Removed products: Set()
External API changes: API Changes: Set()
Modified binary dependencies: Set()
Initial directly invalidated sources: Set()

Sources indirectly invalidated by:
	product: Set()
	binary dep: Set()
	external source: Set()
All initially invalidated sources: Set()

Total time: 2 s, completed 02.09.2016 18:39:24
> server-post-command-cleanup
> server-handle-next-server-request
> {file:/E:/Development/Projects/tuniboard/}root/compile:mainClass
Evaluating tasks: compile:mainClass
Running task... Cancel: sbt.server.ServerTaskCancellation@35456d01, check cycles: false
Total time: 0 s, completed 02.09.2016 18:39:24
> server-post-command-cleanup
> server-handle-next-server-request
> {file:/E:/Development/Projects/tuniboard/}root/compile:discoveredMainClasses
Evaluating tasks: compile:discoveredMainClasses
Running task... Cancel: sbt.server.ServerTaskCancellation@99f0fc, check cycles: false

Initial source changes: 
	removed:Set()
	added: Set()
	modified: Set()
Removed products: Set()
External API changes: API Changes: Set()
Modified binary dependencies: Set()
Initial directly invalidated sources: Set()

Sources indirectly invalidated by:
	product: Set()
	binary dep: Set()
	external source: Set()
All initially invalidated sources: Set()

Total time: 0 s, completed 02.09.2016 18:39:25
> server-post-command-cleanup
> server-handle-next-server-request
> backgroundRun
Evaluating tasks: compile:backgroundRun
Running task... Cancel: sbt.server.ServerTaskCancellation@534e9ca, check cycles: false
Total time: 0 s, completed 02.09.2016 18:39:33
> server-post-command-cleanup
> server-handle-next-server-request
> {file:/E:/Development/Projects/tuniboard/}root/*:playForkConfig
Evaluating tasks: *:playForkConfig
Running task... Cancel: sbt.server.ServerTaskCancellation@26d5ec57, check cycles: false
Total time: 0 s, completed 02.09.2016 18:39:35
> server-post-command-cleanup
> server-handle-next-server-request
> root/playForkNotifyStart http://localhost:9000
Evaluating tasks: *:playForkNotifyStart
Running task... Cancel: sbt.server.ServerTaskCancellation@37e04289, check cycles: false
Total time: 0 s, completed 02.09.2016 18:39:35
> server-post-command-cleanup
> server-handle-next-server-request
> {file:/E:/Development/Projects/tuniboard/}root/*:playForkReload
Evaluating tasks: *:playForkReload
Running task... Cancel: sbt.server.ServerTaskCancellation@15fcdec5, check cycles: false

Initial source changes: 
	removed:Set()
	added: Set()
	modified: Set()
Removed products: Set()
External API changes: API Changes: Set()
Modified binary dependencies: Set()
Initial directly invalidated sources: Set()

Sources indirectly invalidated by:
	product: Set()
	binary dep: Set()
	external source: Set()
All initially invalidated sources: Set()

Copy resource mappings: 
	(E:\Development\Projects\tuniboard\conf\application.conf,E:\Development\Projects\tuniboard\target\scala-2.11\classes\application.conf)
	(E:\Development\Projects\tuniboard\conf\evolutions,E:\Development\Projects\tuniboard\target\scala-2.11\classes\evolutions)
	(E:\Development\Projects\tuniboard\conf\prod.conf,E:\Development\Projects\tuniboard\target\scala-2.11\classes\prod.conf)
	(E:\Development\Projects\tuniboard\conf\routes,E:\Development\Projects\tuniboard\target\scala-2.11\classes\routes)
	(E:\Development\Projects\tuniboard\conf\evolutions\.gitignore,E:\Development\Projects\tuniboard\target\scala-2.11\classes\evolutions\.gitignore)
	(E:\Development\Projects\tuniboard\conf\evolutions\default,E:\Development\Projects\tuniboard\target\scala-2.11\classes\evolutions\default)
	(E:\Development\Projects\tuniboard\conf\evolutions\default\1.sql,E:\Development\Projects\tuniboard\target\scala-2.11\classes\evolutions\default\1.sql)
Read from stdout: JavaScript linting on 3 source(s)
JavaScript linting on 3 source(s)
Read from stdout: E:\Development\Projects\tuniboard\app\assets\javascripts\update\controllers.js:3: 'ngTableParams' is defined but never used.
E:\Development\Projects\tuniboard\app\assets\javascripts\update\controllers.js:3: 'ngTableParams' is defined but never used.
Read from stdout: var UpdateCtrl = function($scope, $filter, playRoutes, ngTableParams) {
    var UpdateCtrl = function($scope, $filter, playRoutes, ngTableParams) {
Read from stdout: ^
                                                                        ^
Read from stdout: E:\Development\Projects\tuniboard\app\assets\javascripts\update\controllers.js:3: 'playRoutes' is defined but never used.
E:\Development\Projects\tuniboard\app\assets\javascripts\update\controllers.js:3: 'playRoutes' is defined but never used.
Read from stdout: var UpdateCtrl = function($scope, $filter, playRoutes, ngTableParams) {
    var UpdateCtrl = function($scope, $filter, playRoutes, ngTableParams) {
Read from stdout: ^
                                                         ^
Read from stdout: E:\Development\Projects\tuniboard\app\assets\javascripts\update\controllers.js:3: '$filter' is defined but never used.
E:\Development\Projects\tuniboard\app\assets\javascripts\update\controllers.js:3: '$filter' is defined but never used.
Read from stdout: var UpdateCtrl = function($scope, $filter, playRoutes, ngTableParams) {
    var UpdateCtrl = function($scope, $filter, playRoutes, ngTableParams) {
Read from stdout: ^
                                             ^
Read from stdout: three errors found
three errors found
Total time: 2 s, completed 02.09.2016 18:47:30
> server-post-command-cleanup
> server-handle-next-server-request
> {file:/E:/Development/Projects/tuniboard/}root/*:playForkReload
Evaluating tasks: *:playForkReload
Running task... Cancel: sbt.server.ServerTaskCancellation@7ce70a23, check cycles: false

Initial source changes: 
	removed:Set()
	added: Set()
	modified: Set()
Removed products: Set()
External API changes: API Changes: Set()
Modified binary dependencies: Set()
Initial directly invalidated sources: Set()

Sources indirectly invalidated by:
	product: Set()
	binary dep: Set()
	external source: Set()
All initially invalidated sources: Set()

Read from stdout: JavaScript linting on 1 source(s)
JavaScript linting on 1 source(s)
Copy resource mappings: 
	(E:\Development\Projects\tuniboard\conf\application.conf,E:\Development\Projects\tuniboard\target\scala-2.11\classes\application.conf)
	(E:\Development\Projects\tuniboard\conf\evolutions,E:\Development\Projects\tuniboard\target\scala-2.11\classes\evolutions)
	(E:\Development\Projects\tuniboard\conf\prod.conf,E:\Development\Projects\tuniboard\target\scala-2.11\classes\prod.conf)
	(E:\Development\Projects\tuniboard\conf\routes,E:\Development\Projects\tuniboard\target\scala-2.11\classes\routes)
	(E:\Development\Projects\tuniboard\conf\evolutions\.gitignore,E:\Development\Projects\tuniboard\target\scala-2.11\classes\evolutions\.gitignore)
	(E:\Development\Projects\tuniboard\conf\evolutions\default,E:\Development\Projects\tuniboard\target\scala-2.11\classes\evolutions\default)
	(E:\Development\Projects\tuniboard\conf\evolutions\default\1.sql,E:\Development\Projects\tuniboard\target\scala-2.11\classes\evolutions\default\1.sql)
Read from stdout: E:\Development\Projects\tuniboard\app\assets\javascripts\update\controllers.js:3: 'playRoutes' is defined but never used.
E:\Development\Projects\tuniboard\app\assets\javascripts\update\controllers.js:3: 'playRoutes' is defined but never used.
Read from stdout: var UpdateCtrl = function($scope, $filter, playRoutes) {
    var UpdateCtrl = function($scope, $filter, playRoutes) {
Read from stdout: ^
                                                         ^
Read from stdout: E:\Development\Projects\tuniboard\app\assets\javascripts\update\controllers.js:3: '$filter' is defined but never used.
E:\Development\Projects\tuniboard\app\assets\javascripts\update\controllers.js:3: '$filter' is defined but never used.
Read from stdout: var UpdateCtrl = function($scope, $filter, playRoutes) {
    var UpdateCtrl = function($scope, $filter, playRoutes) {
Read from stdout: ^
                                             ^
Read from stdout: two errors found
two errors found
Total time: 1 s, completed 02.09.2016 18:47:56
> server-post-command-cleanup
> server-handle-next-server-request
> {file:/E:/Development/Projects/tuniboard/}root/*:playForkReload
Evaluating tasks: *:playForkReload
Running task... Cancel: sbt.server.ServerTaskCancellation@5981a984, check cycles: false

Initial source changes: 
	removed:Set()
	added: Set()
	modified: Set()
Removed products: Set()
External API changes: API Changes: Set()
Modified binary dependencies: Set()
Initial directly invalidated sources: Set()

Sources indirectly invalidated by:
	product: Set()
	binary dep: Set()
	external source: Set()
All initially invalidated sources: Set()

Read from stdout: JavaScript linting on 1 source(s)
JavaScript linting on 1 source(s)
Copy resource mappings: 
	(E:\Development\Projects\tuniboard\conf\application.conf,E:\Development\Projects\tuniboard\target\scala-2.11\classes\application.conf)
	(E:\Development\Projects\tuniboard\conf\evolutions,E:\Development\Projects\tuniboard\target\scala-2.11\classes\evolutions)
	(E:\Development\Projects\tuniboard\conf\prod.conf,E:\Development\Projects\tuniboard\target\scala-2.11\classes\prod.conf)
	(E:\Development\Projects\tuniboard\conf\routes,E:\Development\Projects\tuniboard\target\scala-2.11\classes\routes)
	(E:\Development\Projects\tuniboard\conf\evolutions\.gitignore,E:\Development\Projects\tuniboard\target\scala-2.11\classes\evolutions\.gitignore)
	(E:\Development\Projects\tuniboard\conf\evolutions\default,E:\Development\Projects\tuniboard\target\scala-2.11\classes\evolutions\default)
	(E:\Development\Projects\tuniboard\conf\evolutions\default\1.sql,E:\Development\Projects\tuniboard\target\scala-2.11\classes\evolutions\default\1.sql)
Read from stdout: E:\Development\Projects\tuniboard\app\assets\javascripts\update\controllers.js:3: '$filter' is defined but never used.
E:\Development\Projects\tuniboard\app\assets\javascripts\update\controllers.js:3: '$filter' is defined but never used.
Read from stdout: var UpdateCtrl = function($scope, $filter) {
    var UpdateCtrl = function($scope, $filter) {
Read from stdout: ^
                                             ^
Read from stdout: one error found
one error found
Total time: 1 s, completed 02.09.2016 18:48:16
> server-post-command-cleanup
> server-handle-next-server-request
> {file:/E:/Development/Projects/tuniboard/}root/*:playForkReload
Evaluating tasks: *:playForkReload
Running task... Cancel: sbt.server.ServerTaskCancellation@69a2ffb2, check cycles: false
Read from stdout: JavaScript linting on 1 source(s)
JavaScript linting on 1 source(s)

Initial source changes: 
	removed:Set()
	added: Set()
	modified: Set()
Removed products: Set()
External API changes: API Changes: Set()
Modified binary dependencies: Set()
Initial directly invalidated sources: Set()

Sources indirectly invalidated by:
	product: Set()
	binary dep: Set()
	external source: Set()
All initially invalidated sources: Set()

Copy resource mappings: 
	(E:\Development\Projects\tuniboard\conf\application.conf,E:\Development\Projects\tuniboard\target\scala-2.11\classes\application.conf)
	(E:\Development\Projects\tuniboard\conf\evolutions,E:\Development\Projects\tuniboard\target\scala-2.11\classes\evolutions)
	(E:\Development\Projects\tuniboard\conf\prod.conf,E:\Development\Projects\tuniboard\target\scala-2.11\classes\prod.conf)
	(E:\Development\Projects\tuniboard\conf\routes,E:\Development\Projects\tuniboard\target\scala-2.11\classes\routes)
	(E:\Development\Projects\tuniboard\conf\evolutions\.gitignore,E:\Development\Projects\tuniboard\target\scala-2.11\classes\evolutions\.gitignore)
	(E:\Development\Projects\tuniboard\conf\evolutions\default,E:\Development\Projects\tuniboard\target\scala-2.11\classes\evolutions\default)
	(E:\Development\Projects\tuniboard\conf\evolutions\default\1.sql,E:\Development\Projects\tuniboard\target\scala-2.11\classes\evolutions\default\1.sql)
Total time: 1 s, completed 02.09.2016 18:48:40
> server-post-command-cleanup
> server-handle-next-server-request
> jobStop 1
Evaluating tasks: *:jobStop
Running task... Cancel: sbt.server.ServerTaskCancellation@55712be9, check cycles: false
Total time: 0 s, completed 02.09.2016 18:49:28
> server-post-command-cleanup
> server-handle-next-server-request
> compile
Evaluating tasks: compile:compile
Running task... Cancel: sbt.server.ServerTaskCancellation@6d8d0183, check cycles: false

Initial source changes: 
	removed:Set()
	added: Set()
	modified: Set()
Removed products: Set()
External API changes: API Changes: Set()
Modified binary dependencies: Set()
Initial directly invalidated sources: Set()

Sources indirectly invalidated by:
	product: Set()
	binary dep: Set()
	external source: Set()
All initially invalidated sources: Set()

Total time: 0 s, completed 02.09.2016 18:49:31
> server-post-command-cleanup
> server-handle-next-server-request
> compile
Evaluating tasks: compile:compile
Running task... Cancel: sbt.server.ServerTaskCancellation@3094d50e, check cycles: false

Initial source changes: 
	removed:Set()
	added: Set()
	modified: Set()
Removed products: Set()
External API changes: API Changes: Set()
Modified binary dependencies: Set()
Initial directly invalidated sources: Set()

Sources indirectly invalidated by:
	product: Set()
	binary dep: Set()
	external source: Set()
All initially invalidated sources: Set()

Total time: 0 s, completed 02.09.2016 18:49:37
> server-post-command-cleanup
> server-handle-next-server-request
> compile
Evaluating tasks: compile:compile
Running task... Cancel: sbt.server.ServerTaskCancellation@218f505d, check cycles: false

Initial source changes: 
	removed:Set()
	added: Set()
	modified: Set()
Removed products: Set()
External API changes: API Changes: Set()
Modified binary dependencies: Set()
Initial directly invalidated sources: Set()

Sources indirectly invalidated by:
	product: Set()
	binary dep: Set()
	external source: Set()
All initially invalidated sources: Set()

Total time: 0 s, completed 02.09.2016 18:49:38
> server-post-command-cleanup
> server-handle-next-server-request
> backgroundRun
Evaluating tasks: compile:backgroundRun
Running task... Cancel: sbt.server.ServerTaskCancellation@2e59f53f, check cycles: false
Total time: 0 s, completed 02.09.2016 18:49:41
> server-post-command-cleanup
> server-handle-next-server-request
> {file:/E:/Development/Projects/tuniboard/}root/*:playForkConfig
Evaluating tasks: *:playForkConfig
Running task... Cancel: sbt.server.ServerTaskCancellation@a247fb2, check cycles: false
Total time: 0 s, completed 02.09.2016 18:49:42
> server-post-command-cleanup
> server-handle-next-server-request
> root/playForkNotifyStart http://localhost:9000
Evaluating tasks: *:playForkNotifyStart
Running task... Cancel: sbt.server.ServerTaskCancellation@4973c71f, check cycles: false
Total time: 0 s, completed 02.09.2016 18:49:43
> server-post-command-cleanup
> server-handle-next-server-request
> {file:/E:/Development/Projects/tuniboard/}root/*:playForkReload
Evaluating tasks: *:playForkReload
Running task... Cancel: sbt.server.ServerTaskCancellation@73b3f7b1, check cycles: false

Initial source changes: 
	removed:Set()
	added: Set()
	modified: Set()
Removed products: Set()
External API changes: API Changes: Set()
Modified binary dependencies: Set()
Initial directly invalidated sources: Set()

Sources indirectly invalidated by:
	product: Set()
	binary dep: Set()
	external source: Set()
All initially invalidated sources: Set()

Read from stdout: JavaScript linting on 2 source(s)
JavaScript linting on 2 source(s)
Copy resource mappings: 
	(E:\Development\Projects\tuniboard\conf\application.conf,E:\Development\Projects\tuniboard\target\scala-2.11\classes\application.conf)
	(E:\Development\Projects\tuniboard\conf\evolutions,E:\Development\Projects\tuniboard\target\scala-2.11\classes\evolutions)
	(E:\Development\Projects\tuniboard\conf\prod.conf,E:\Development\Projects\tuniboard\target\scala-2.11\classes\prod.conf)
	(E:\Development\Projects\tuniboard\conf\routes,E:\Development\Projects\tuniboard\target\scala-2.11\classes\routes)
	(E:\Development\Projects\tuniboard\conf\evolutions\.gitignore,E:\Development\Projects\tuniboard\target\scala-2.11\classes\evolutions\.gitignore)
	(E:\Development\Projects\tuniboard\conf\evolutions\default,E:\Development\Projects\tuniboard\target\scala-2.11\classes\evolutions\default)
	(E:\Development\Projects\tuniboard\conf\evolutions\default\1.sql,E:\Development\Projects\tuniboard\target\scala-2.11\classes\evolutions\default\1.sql)
Total time: 1 s, completed 02.09.2016 18:49:45
> server-post-command-cleanup
> server-handle-next-server-request
> jobStop 2
Evaluating tasks: *:jobStop
Running task... Cancel: sbt.server.ServerTaskCancellation@7d60d654, check cycles: false
Total time: 0 s, completed 02.09.2016 18:54:27
> server-post-command-cleanup
> server-handle-next-server-request
> backgroundRun
Evaluating tasks: compile:backgroundRun
Running task... Cancel: sbt.server.ServerTaskCancellation@286f7a0b, check cycles: false
Total time: 0 s, completed 02.09.2016 18:55:03
> server-post-command-cleanup
> server-handle-next-server-request
> {file:/E:/Development/Projects/tuniboard/}root/*:playForkConfig
Evaluating tasks: *:playForkConfig
Running task... Cancel: sbt.server.ServerTaskCancellation@703cf477, check cycles: false
Total time: 0 s, completed 02.09.2016 18:55:04
> server-post-command-cleanup
> server-handle-next-server-request
> root/playForkNotifyStart http://localhost:9000
Evaluating tasks: *:playForkNotifyStart
Running task... Cancel: sbt.server.ServerTaskCancellation@79ea2f09, check cycles: false
Total time: 0 s, completed 02.09.2016 18:55:04
> server-post-command-cleanup
> server-handle-next-server-request
> {file:/E:/Development/Projects/tuniboard/}root/*:playForkReload
Evaluating tasks: *:playForkReload
Running task... Cancel: sbt.server.ServerTaskCancellation@37b1c30f, check cycles: false

Initial source changes: 
	removed:Set()
	added: Set()
	modified: Set()
Removed products: Set()
External API changes: API Changes: Set()
Modified binary dependencies: Set()
Initial directly invalidated sources: Set()

Sources indirectly invalidated by:
	product: Set()
	binary dep: Set()
	external source: Set()
All initially invalidated sources: Set()

Copy resource mappings: 
	(E:\Development\Projects\tuniboard\conf\application.conf,E:\Development\Projects\tuniboard\target\scala-2.11\classes\application.conf)
	(E:\Development\Projects\tuniboard\conf\evolutions,E:\Development\Projects\tuniboard\target\scala-2.11\classes\evolutions)
	(E:\Development\Projects\tuniboard\conf\prod.conf,E:\Development\Projects\tuniboard\target\scala-2.11\classes\prod.conf)
	(E:\Development\Projects\tuniboard\conf\routes,E:\Development\Projects\tuniboard\target\scala-2.11\classes\routes)
	(E:\Development\Projects\tuniboard\conf\evolutions\.gitignore,E:\Development\Projects\tuniboard\target\scala-2.11\classes\evolutions\.gitignore)
	(E:\Development\Projects\tuniboard\conf\evolutions\default,E:\Development\Projects\tuniboard\target\scala-2.11\classes\evolutions\default)
	(E:\Development\Projects\tuniboard\conf\evolutions\default\1.sql,E:\Development\Projects\tuniboard\target\scala-2.11\classes\evolutions\default\1.sql)
Total time: 1 s, completed 02.09.2016 18:55:08
> server-post-command-cleanup
> server-handle-next-server-request
> {file:/E:/Development/Projects/tuniboard/}root/*:playForkReload
Evaluating tasks: *:playForkReload
Running task... Cancel: sbt.server.ServerTaskCancellation@288000c6, check cycles: false

Initial source changes: 
	removed:Set()
	added: Set()
	modified: Set()
Removed products: Set()
External API changes: API Changes: Set()
Modified binary dependencies: Set()
Initial directly invalidated sources: Set()

Sources indirectly invalidated by:
	product: Set()
	binary dep: Set()
	external source: Set()
All initially invalidated sources: Set()

Copy resource mappings: 
	(E:\Development\Projects\tuniboard\conf\application.conf,E:\Development\Projects\tuniboard\target\scala-2.11\classes\application.conf)
	(E:\Development\Projects\tuniboard\conf\evolutions,E:\Development\Projects\tuniboard\target\scala-2.11\classes\evolutions)
	(E:\Development\Projects\tuniboard\conf\prod.conf,E:\Development\Projects\tuniboard\target\scala-2.11\classes\prod.conf)
	(E:\Development\Projects\tuniboard\conf\routes,E:\Development\Projects\tuniboard\target\scala-2.11\classes\routes)
	(E:\Development\Projects\tuniboard\conf\evolutions\.gitignore,E:\Development\Projects\tuniboard\target\scala-2.11\classes\evolutions\.gitignore)
	(E:\Development\Projects\tuniboard\conf\evolutions\default,E:\Development\Projects\tuniboard\target\scala-2.11\classes\evolutions\default)
	(E:\Development\Projects\tuniboard\conf\evolutions\default\1.sql,E:\Development\Projects\tuniboard\target\scala-2.11\classes\evolutions\default\1.sql)
Total time: 1 s, completed 02.09.2016 18:57:14
> server-post-command-cleanup
> server-handle-next-server-request
> {file:/E:/Development/Projects/tuniboard/}root/*:playForkReload
Evaluating tasks: *:playForkReload
Running task... Cancel: sbt.server.ServerTaskCancellation@103c108b, check cycles: false

Initial source changes: 
	removed:Set()
	added: Set()
	modified: Set()
Removed products: Set()
External API changes: API Changes: Set()
Modified binary dependencies: Set()
Initial directly invalidated sources: Set()

Sources indirectly invalidated by:
	product: Set()
	binary dep: Set()
	external source: Set()
All initially invalidated sources: Set()

Copy resource mappings: 
	(E:\Development\Projects\tuniboard\conf\application.conf,E:\Development\Projects\tuniboard\target\scala-2.11\classes\application.conf)
	(E:\Development\Projects\tuniboard\conf\evolutions,E:\Development\Projects\tuniboard\target\scala-2.11\classes\evolutions)
	(E:\Development\Projects\tuniboard\conf\prod.conf,E:\Development\Projects\tuniboard\target\scala-2.11\classes\prod.conf)
	(E:\Development\Projects\tuniboard\conf\routes,E:\Development\Projects\tuniboard\target\scala-2.11\classes\routes)
	(E:\Development\Projects\tuniboard\conf\evolutions\.gitignore,E:\Development\Projects\tuniboard\target\scala-2.11\classes\evolutions\.gitignore)
	(E:\Development\Projects\tuniboard\conf\evolutions\default,E:\Development\Projects\tuniboard\target\scala-2.11\classes\evolutions\default)
	(E:\Development\Projects\tuniboard\conf\evolutions\default\1.sql,E:\Development\Projects\tuniboard\target\scala-2.11\classes\evolutions\default\1.sql)
Total time: 0 s, completed 02.09.2016 18:57:24
> server-post-command-cleanup
> server-handle-next-server-request
> {file:/E:/Development/Projects/tuniboard/}root/*:playForkReload
Evaluating tasks: *:playForkReload
Running task... Cancel: sbt.server.ServerTaskCancellation@72f614c8, check cycles: false

Initial source changes: 
	removed:Set()
	added: Set()
	modified: Set()
Removed products: Set()
External API changes: API Changes: Set()
Modified binary dependencies: Set()
Initial directly invalidated sources: Set()

Sources indirectly invalidated by:
	product: Set()
	binary dep: Set()
	external source: Set()
All initially invalidated sources: Set()

Copy resource mappings: 
	(E:\Development\Projects\tuniboard\conf\application.conf,E:\Development\Projects\tuniboard\target\scala-2.11\classes\application.conf)
	(E:\Development\Projects\tuniboard\conf\evolutions,E:\Development\Projects\tuniboard\target\scala-2.11\classes\evolutions)
	(E:\Development\Projects\tuniboard\conf\prod.conf,E:\Development\Projects\tuniboard\target\scala-2.11\classes\prod.conf)
	(E:\Development\Projects\tuniboard\conf\routes,E:\Development\Projects\tuniboard\target\scala-2.11\classes\routes)
	(E:\Development\Projects\tuniboard\conf\evolutions\.gitignore,E:\Development\Projects\tuniboard\target\scala-2.11\classes\evolutions\.gitignore)
	(E:\Development\Projects\tuniboard\conf\evolutions\default,E:\Development\Projects\tuniboard\target\scala-2.11\classes\evolutions\default)
	(E:\Development\Projects\tuniboard\conf\evolutions\default\1.sql,E:\Development\Projects\tuniboard\target\scala-2.11\classes\evolutions\default\1.sql)
Total time: 0 s, completed 02.09.2016 18:57:34
> server-post-command-cleanup
> server-handle-next-server-request
> {file:/E:/Development/Projects/tuniboard/}root/*:playForkReload
Evaluating tasks: *:playForkReload
Running task... Cancel: sbt.server.ServerTaskCancellation@51d62d31, check cycles: false

Initial source changes: 
	removed:Set()
	added: Set()
	modified: Set()
Removed products: Set()
External API changes: API Changes: Set()
Modified binary dependencies: Set()
Initial directly invalidated sources: Set()

Sources indirectly invalidated by:
	product: Set()
	binary dep: Set()
	external source: Set()
All initially invalidated sources: Set()

Copy resource mappings: 
	(E:\Development\Projects\tuniboard\conf\application.conf,E:\Development\Projects\tuniboard\target\scala-2.11\classes\application.conf)
	(E:\Development\Projects\tuniboard\conf\evolutions,E:\Development\Projects\tuniboard\target\scala-2.11\classes\evolutions)
	(E:\Development\Projects\tuniboard\conf\prod.conf,E:\Development\Projects\tuniboard\target\scala-2.11\classes\prod.conf)
	(E:\Development\Projects\tuniboard\conf\routes,E:\Development\Projects\tuniboard\target\scala-2.11\classes\routes)
	(E:\Development\Projects\tuniboard\conf\evolutions\.gitignore,E:\Development\Projects\tuniboard\target\scala-2.11\classes\evolutions\.gitignore)
	(E:\Development\Projects\tuniboard\conf\evolutions\default,E:\Development\Projects\tuniboard\target\scala-2.11\classes\evolutions\default)
	(E:\Development\Projects\tuniboard\conf\evolutions\default\1.sql,E:\Development\Projects\tuniboard\target\scala-2.11\classes\evolutions\default\1.sql)
Total time: 0 s, completed 02.09.2016 19:00:24
> server-post-command-cleanup
> server-handle-next-server-request
> {file:/E:/Development/Projects/tuniboard/}root/*:playForkReload
Evaluating tasks: *:playForkReload
Running task... Cancel: sbt.server.ServerTaskCancellation@4696e661, check cycles: false

Initial source changes: 
	removed:Set()
	added: Set()
	modified: Set()
Removed products: Set()
External API changes: API Changes: Set()
Modified binary dependencies: Set()
Initial directly invalidated sources: Set()

Sources indirectly invalidated by:
	product: Set()
	binary dep: Set()
	external source: Set()
All initially invalidated sources: Set()

Copy resource mappings: 
	(E:\Development\Projects\tuniboard\conf\application.conf,E:\Development\Projects\tuniboard\target\scala-2.11\classes\application.conf)
	(E:\Development\Projects\tuniboard\conf\evolutions,E:\Development\Projects\tuniboard\target\scala-2.11\classes\evolutions)
	(E:\Development\Projects\tuniboard\conf\prod.conf,E:\Development\Projects\tuniboard\target\scala-2.11\classes\prod.conf)
	(E:\Development\Projects\tuniboard\conf\routes,E:\Development\Projects\tuniboard\target\scala-2.11\classes\routes)
	(E:\Development\Projects\tuniboard\conf\evolutions\.gitignore,E:\Development\Projects\tuniboard\target\scala-2.11\classes\evolutions\.gitignore)
	(E:\Development\Projects\tuniboard\conf\evolutions\default,E:\Development\Projects\tuniboard\target\scala-2.11\classes\evolutions\default)
	(E:\Development\Projects\tuniboard\conf\evolutions\default\1.sql,E:\Development\Projects\tuniboard\target\scala-2.11\classes\evolutions\default\1.sql)
Total time: 0 s, completed 02.09.2016 19:00:44
> server-post-command-cleanup
> server-handle-next-server-request
> {file:/E:/Development/Projects/tuniboard/}root/compile:mainClass
Evaluating tasks: compile:mainClass
Running task... Cancel: sbt.server.ServerTaskCancellation@4bf10247, check cycles: false
Total time: 0 s, completed 02.09.2016 19:01:07
> server-post-command-cleanup
> server-handle-next-server-request
> {file:/E:/Development/Projects/tuniboard/}root/compile:discoveredMainClasses
Evaluating tasks: compile:discoveredMainClasses
Running task... Cancel: sbt.server.ServerTaskCancellation@5bdf6fd7, check cycles: false

Initial source changes: 
	removed:Set()
	added: Set()
	modified: Set()
Removed products: Set()
External API changes: API Changes: Set()
Modified binary dependencies: Set()
Initial directly invalidated sources: Set()

Sources indirectly invalidated by:
	product: Set()
	binary dep: Set()
	external source: Set()
All initially invalidated sources: Set()

Total time: 0 s, completed 02.09.2016 19:01:07
> server-post-command-cleanup
> server-handle-next-server-request
Done executing sbt server engine, result Right(Exit(0))
Closing listening server socket
Waiting for socket thread
Waiting for request processor thread
Waiting for command engine result
Returning control to sbt launcher with result Exit(0)
Closing the 10236@DESKTOP-VQGB3GE logs at Fri Sep 02 19:01:10 CEST 2016, goodbye.
